2026-05-29 07:39:10,240 INFO Loading training_data_5y_insider_mcap100m.csv ...
2026-05-29 07:39:12,226 INFO Loaded 566385 rows, 617 tickers
2026-05-29 07:39:12,230 INFO Total tickers: 617
2026-05-29 07:39:12,354 INFO Loaded 10365 CIK mappings
2026-05-29 07:39:12,355 INFO Remaining: 617 tickers
2026-05-29 07:39:26,673 INFO Progress: 25 / 617 tickers (4.1%) | no_cik=0 no_data=3 <2Q=0
2026-05-29 07:39:40,966 INFO Progress: 50 / 617 tickers (8.1%) | no_cik=0 no_data=6 <2Q=0
2026-05-29 07:39:42,994 INFO Checkpointed at 50 tickers (45207 rows)
2026-05-29 07:39:55,490 INFO Progress: 75 / 617 tickers (12.2%) | no_cik=0 no_data=8 <2Q=0
2026-05-29 07:40:07,974 INFO Progress: 100 / 617 tickers (16.2%) | no_cik=0 no_data=11 <2Q=0
2026-05-29 07:40:12,084 INFO Checkpointed at 100 tickers (90580 rows)
2026-05-29 07:40:27,351 INFO Progress: 125 / 617 tickers (20.3%) | no_cik=0 no_data=12 <2Q=0
2026-05-29 07:40:42,190 INFO Progress: 150 / 617 tickers (24.3%) | no_cik=0 no_data=17 <2Q=0
2026-05-29 07:40:48,388 INFO Checkpointed at 150 tickers (136874 rows)
2026-05-29 07:41:01,795 INFO Progress: 175 / 617 tickers (28.4%) | no_cik=0 no_data=22 <2Q=0
2026-05-29 07:41:14,543 INFO Progress: 200 / 617 tickers (32.4%) | no_cik=0 no_data=24 <2Q=0
2026-05-29 07:41:22,604 INFO Checkpointed at 200 tickers (180645 rows)
2026-05-29 07:41:35,719 INFO Progress: 225 / 617 tickers (36.5%) | no_cik=0 no_data=27 <2Q=0
2026-05-29 07:41:49,490 INFO Progress: 250 / 617 tickers (40.5%) | no_cik=0 no_data=30 <2Q=0
2026-05-29 07:41:59,389 INFO Checkpointed at 250 tickers (225745 rows)
2026-05-29 07:42:13,148 INFO Progress: 275 / 617 tickers (44.6%) | no_cik=0 no_data=35 <2Q=0
2026-05-29 07:42:25,882 INFO Progress: 300 / 617 tickers (48.6%) | no_cik=0 no_data=41 <2Q=0
2026-05-29 07:42:37,858 INFO Checkpointed at 300 tickers (272205 rows)
2026-05-29 07:42:55,266 INFO Progress: 325 / 617 tickers (52.7%) | no_cik=0 no_data=44 <2Q=0
2026-05-29 07:43:11,085 INFO Progress: 350 / 617 tickers (56.7%) | no_cik=0 no_data=45 <2Q=0
2026-05-29 07:43:25,142 INFO Checkpointed at 350 tickers (317473 rows)
2026-05-29 07:43:38,383 INFO Progress: 375 / 617 tickers (60.8%) | no_cik=0 no_data=55 <2Q=0
2026-05-29 07:43:52,758 INFO Progress: 400 / 617 tickers (64.8%) | no_cik=0 no_data=57 <2Q=0
2026-05-29 07:44:09,051 INFO Checkpointed at 400 tickers (364964 rows)
2026-05-29 07:44:22,856 INFO Progress: 425 / 617 tickers (68.9%) | no_cik=0 no_data=58 <2Q=0
2026-05-29 07:44:35,859 INFO Progress: 450 / 617 tickers (72.9%) | no_cik=0 no_data=64 <2Q=0
2026-05-29 07:44:53,983 INFO Checkpointed at 450 tickers (412097 rows)
2026-05-29 07:45:09,424 INFO Progress: 475 / 617 tickers (77.0%) | no_cik=0 no_data=64 <2Q=0
2026-05-29 07:45:22,544 INFO Progress: 500 / 617 tickers (81.0%) | no_cik=0 no_data=68 <2Q=0
2026-05-29 07:45:42,642 INFO Checkpointed at 500 tickers (458498 rows)
2026-05-29 07:45:55,193 INFO Progress: 525 / 617 tickers (85.1%) | no_cik=0 no_data=75 <2Q=0
2026-05-29 07:46:10,192 INFO Progress: 550 / 617 tickers (89.1%) | no_cik=0 no_data=78 <2Q=0
2026-05-29 07:46:32,004 INFO Checkpointed at 550 tickers (504996 rows)
2026-05-29 07:46:46,840 INFO Progress: 575 / 617 tickers (93.2%) | no_cik=0 no_data=83 <2Q=0
2026-05-29 07:47:02,456 INFO Progress: 600 / 617 tickers (97.2%) | no_cik=0 no_data=86 <2Q=0
2026-05-29 07:47:26,500 INFO Checkpointed at 600 tickers (551936 rows)
2026-05-29 07:47:36,918 INFO Final dataset: 566385 rows, 56 columns
2026-05-29 07:47:36,918 INFO NaN rates for EDGAR fundamental features:
2026-05-29 07:47:36,919 INFO   hist_total_revenue: 45.0% NaN
2026-05-29 07:47:36,920 INFO   hist_net_income: 19.5% NaN
2026-05-29 07:47:36,921 INFO   hist_diluted_eps: 23.4% NaN
2026-05-29 07:47:36,922 INFO   hist_operating_income: 32.5% NaN
2026-05-29 07:47:36,923 INFO   hist_operating_margin: 51.5% NaN
2026-05-29 07:47:36,923 INFO   hist_profit_margin: 48.5% NaN
2026-05-29 07:47:36,924 INFO   hist_total_assets: 16.2% NaN
2026-05-29 07:47:36,925 INFO   hist_stockholders_equity: 18.5% NaN
2026-05-29 07:47:36,926 INFO   hist_current_ratio: 32.0% NaN
2026-05-29 07:47:36,927 INFO   hist_debt_to_equity: 65.3% NaN
2026-05-29 07:47:36,928 INFO   hist_roe: 22.1% NaN
2026-05-29 07:47:36,928 INFO   hist_roa: 20.1% NaN
2026-05-29 07:47:36,929 INFO   hist_earnings_growth_qoq: 25.5% NaN
2026-05-29 07:47:36,930 INFO   hist_revenue_growth_qoq: 46.5% NaN
2026-05-29 07:47:36,931 INFO   hist_capex: 33.4% NaN
2026-05-29 07:47:36,932 INFO   sec_operating_cash_flow: 16.2% NaN
2026-05-29 07:47:36,933 INFO   sec_filing_age_days: 15.4% NaN
2026-05-29 07:48:01,194 INFO Saved to training_data_5y_full.csv
2026-05-29 07:48:01,194 INFO Stats: no_cik=0 no_data=86 too_few_quarters=0
