nohup: ignoring input
2026-05-29 12:57:26,865 INFO Loaded 617 tickers with market cap >= $100M
2026-05-29 12:57:27,035 INFO Loaded 10365 CIK mappings
2026-05-29 12:57:27,035 INFO Fetching macro data...
2026-05-29 12:57:27,906 INFO Macro data: 2772 rows, 2015-05-29 to 2026-05-29
2026-05-29 12:57:27,907 INFO Remaining: 617 / 617 tickers
2026-05-29 12:57:27,907 INFO Fetching stock data for AACB (period=10y)
2026-05-29 12:57:28,770 INFO Fetching stock data for AAL (period=10y)
2026-05-29 12:57:30,870 INFO Fetching stock data for AAOI (period=10y)
2026-05-29 12:57:33,077 INFO Fetching stock data for AAON (period=10y)
2026-05-29 12:57:35,231 INFO Fetching stock data for AAPG (period=10y)
2026-05-29 12:57:36,036 INFO Fetching stock data for AAPL (period=10y)
2026-05-29 12:57:38,577 INFO Fetching stock data for ABAT (period=10y)
2026-05-29 12:57:40,783 INFO Fetching stock data for ABCL (period=10y)
2026-05-29 12:57:42,242 INFO Fetching stock data for ABEO (period=10y)
2026-05-29 12:57:44,314 INFO Fetching stock data for ABNB (period=10y)
2026-05-29 12:57:45,820 INFO Fetching stock data for ABOS (period=10y)
2026-05-29 12:57:47,291 INFO Fetching stock data for ABSI (period=10y)
2026-05-29 12:57:48,612 INFO Fetching stock data for ABTC (period=10y)
2026-05-29 12:57:50,351 INFO Fetching stock data for ABUS (period=10y)
2026-05-29 12:57:53,096 INFO Fetching stock data for ABVX (period=10y)
2026-05-29 12:57:53,929 INFO Fetching stock data for ACAD (period=10y)
2026-05-29 12:57:56,012 INFO Fetching stock data for ACB (period=10y)
2026-05-29 12:57:57,077 INFO Fetching stock data for ACDC (period=10y)
2026-05-29 12:57:58,486 INFO Fetching stock data for ACGL (period=10y)
2026-05-29 12:58:00,818 INFO Fetching stock data for ACHC (period=10y)
2026-05-29 12:58:03,202 INFO Fetching stock data for ACHV (period=10y)
2026-05-29 12:58:05,312 INFO Fetching stock data for ACIC (period=10y)
2026-05-29 12:58:07,453 INFO Fetching stock data for ACLS (period=10y)
2026-05-29 12:58:09,642 INFO Fetching stock data for ACNB (period=10y)
2026-05-29 12:58:12,071 INFO Fetching stock data for ACNT (period=10y)
2026-05-29 12:58:14,231 INFO Progress: 25 / 617 tickers (4.1%) | errors=0
2026-05-29 12:58:14,231 INFO Fetching stock data for ACOG (period=10y)
2026-05-29 12:58:15,222 INFO Fetching stock data for ACRS (period=10y)
2026-05-29 12:58:17,450 INFO Fetching stock data for ACT (period=10y)
2026-05-29 12:58:18,855 INFO Fetching stock data for ACTG (period=10y)
2026-05-29 12:58:21,185 INFO Fetching stock data for ADAG (period=10y)
2026-05-29 12:58:22,267 INFO Fetching stock data for ADAM (period=10y)
2026-05-29 12:58:25,547 INFO Fetching stock data for ADBE (period=10y)
2026-05-29 12:58:30,718 INFO Fetching stock data for ADEA (period=10y)
2026-05-29 12:58:35,227 INFO Fetching stock data for ADI (period=10y)
2026-05-29 12:58:40,453 INFO Fetching stock data for ADMA (period=10y)
2026-05-29 12:58:45,398 INFO Fetching stock data for ADP (period=10y)
2026-05-29 12:58:50,784 INFO Fetching stock data for ADPT (period=10y)
2026-05-29 12:58:54,504 INFO Fetching stock data for ADSE (period=10y)
2026-05-29 12:58:55,708 INFO Fetching stock data for ADSK (period=10y)
2026-05-29 12:59:00,792 INFO Fetching stock data for ADTN (period=10y)
2026-05-29 12:59:05,565 INFO Fetching stock data for ADUS (period=10y)
2026-05-29 12:59:10,458 INFO Fetching stock data for ADV (period=10y)
2026-05-29 12:59:13,005 INFO Fetching stock data for AEIS (period=10y)
2026-05-29 12:59:15,631 INFO Fetching stock data for AENT (period=10y)
2026-05-29 12:59:17,333 INFO Fetching stock data for AEP (period=10y)
2026-05-29 12:59:19,639 INFO Fetching stock data for AEVA (period=10y)
2026-05-29 12:59:21,155 INFO Fetching stock data for AFBI (period=10y)
2026-05-29 12:59:23,460 INFO Fetching stock data for AFJK (period=10y)
2026-05-29 12:59:24,457 INFO Fetching stock data for AFRI (period=10y)
2026-05-29 12:59:25,407 INFO Fetching stock data for AFRM (period=10y)
2026-05-29 12:59:27,860 INFO Progress: 50 / 617 tickers (8.1%) | errors=0
2026-05-29 12:59:38,425 INFO Checkpointed at 50 tickers (98363 rows)
2026-05-29 12:59:38,425 INFO Fetching stock data for AFYA (period=10y)
2026-05-29 12:59:39,996 INFO Fetching stock data for AGEN (period=10y)
2026-05-29 12:59:42,590 INFO Fetching stock data for AGIO (period=10y)
2026-05-29 12:59:44,883 INFO Fetching stock data for AGNC (period=10y)
2026-05-29 12:59:47,182 INFO Fetching stock data for AGNT (period=10y)
2026-05-29 12:59:49,272 INFO Fetching stock data for AGYS (period=10y)
2026-05-29 12:59:51,421 INFO Fetching stock data for AHCO (period=10y)
2026-05-29 12:59:53,298 INFO Fetching stock data for AHG (period=10y)
2026-05-29 12:59:54,321 INFO Fetching stock data for AIFC (period=10y)
2026-05-29 12:59:56,555 INFO Fetching stock data for AIOT (period=10y)
2026-05-29 12:59:58,551 INFO Fetching stock data for AIP (period=10y)
2026-05-29 12:59:59,949 INFO Fetching stock data for AIRJ (period=10y)
2026-05-29 13:00:01,318 INFO Fetching stock data for AIRS (period=10y)
2026-05-29 13:00:02,705 INFO Fetching stock data for AISP (period=10y)
2026-05-29 13:00:04,024 INFO Fetching stock data for AKAM (period=10y)
2026-05-29 13:00:06,179 INFO Fetching stock data for AKBA (period=10y)
2026-05-29 13:00:08,392 INFO Fetching stock data for ALAB (period=10y)
2026-05-29 13:00:09,421 INFO Fetching stock data for ALCO (period=10y)
2026-05-29 13:00:11,719 INFO Fetching stock data for ALDF (period=10y)
2026-05-29 13:00:12,904 INFO Fetching stock data for ALDX (period=10y)
2026-05-29 13:00:16,940 INFO Fetching stock data for ALEC (period=10y)
2026-05-29 13:00:21,184 INFO Fetching stock data for ALF (period=10y)
2026-05-29 13:00:22,735 INFO Fetching stock data for ALGM (period=10y)
2026-05-29 13:00:25,889 INFO Fetching stock data for ALGN (period=10y)
2026-05-29 13:00:31,003 INFO Fetching stock data for ALGT (period=10y)
2026-05-29 13:00:36,587 INFO Progress: 75 / 617 tickers (12.2%) | errors=0
2026-05-29 13:00:36,596 INFO Fetching stock data for ALHC (period=10y)
2026-05-29 13:00:40,099 INFO Fetching stock data for ALKS (period=10y)
2026-05-29 13:00:45,978 INFO Fetching stock data for ALKT (period=10y)
2026-05-29 13:00:49,180 INFO Fetching stock data for ALLO (period=10y)
2026-05-29 13:00:52,605 INFO Fetching stock data for ALLT (period=10y)
2026-05-29 13:00:56,729 INFO Fetching stock data for ALM (period=10y)
2026-05-29 13:00:58,299 INFO Fetching stock data for ALMS (period=10y)
2026-05-29 13:01:00,315 INFO Fetching stock data for ALNT (period=10y)
2026-05-29 13:01:03,464 INFO Fetching stock data for ALNY (period=10y)
2026-05-29 13:01:05,985 INFO Fetching stock data for ALOT (period=10y)
2026-05-29 13:01:08,793 INFO Fetching stock data for ALOY (period=10y)
2026-05-29 13:01:10,846 INFO Fetching stock data for ALRM (period=10y)
2026-05-29 13:01:13,203 INFO Fetching stock data for ALRS (period=10y)
2026-05-29 13:01:15,302 INFO Fetching stock data for ALT (period=10y)
2026-05-29 13:01:18,457 INFO Fetching stock data for ALTI (period=10y)
2026-05-29 13:01:21,624 INFO Fetching stock data for ALTO (period=10y)
2026-05-29 13:01:26,787 INFO Fetching stock data for ALVO (period=10y)
2026-05-29 13:01:28,041 INFO Fetching stock data for ALXO (period=10y)
2026-05-29 13:01:29,801 INFO Fetching stock data for AMAL (period=10y)
2026-05-29 13:01:31,609 INFO Fetching stock data for AMAT (period=10y)
2026-05-29 13:01:34,113 INFO Fetching stock data for AMBA (period=10y)
2026-05-29 13:01:36,392 INFO Fetching stock data for AMCI (period=10y)
2026-05-29 13:01:37,492 INFO Fetching stock data for AMCX (period=10y)
2026-05-29 13:01:40,162 INFO Fetching stock data for AMD (period=10y)
2026-05-29 13:01:42,372 INFO Fetching stock data for AMGN (period=10y)
2026-05-29 13:01:44,786 INFO Progress: 100 / 617 tickers (16.2%) | errors=0
2026-05-29 13:01:57,334 INFO Checkpointed at 100 tickers (197132 rows)
2026-05-29 13:01:57,334 INFO Fetching stock data for AMLX (period=10y)
2026-05-29 13:01:58,645 INFO Fetching stock data for AMPG (period=10y)
2026-05-29 13:02:00,433 INFO Fetching stock data for AMPH (period=10y)
2026-05-29 13:02:02,768 INFO Fetching stock data for AMPL (period=10y)
2026-05-29 13:02:04,187 INFO Fetching stock data for AMRN (period=10y)
2026-05-29 13:02:06,516 INFO Fetching stock data for AMRX (period=10y)
2026-05-29 13:02:08,434 INFO Fetching stock data for AMSC (period=10y)
2026-05-29 13:02:10,909 INFO Fetching stock data for AMSF (period=10y)
2026-05-29 13:02:13,501 INFO Fetching stock data for AMTX (period=10y)
2026-05-29 13:02:15,808 INFO Fetching stock data for AMWD (period=10y)
2026-05-29 13:02:18,059 INFO Fetching stock data for AMZN (period=10y)
2026-05-29 13:02:20,434 INFO Fetching stock data for ANAB (period=10y)
2026-05-29 13:02:22,462 INFO Fetching stock data for ANDE (period=10y)
2026-05-29 13:02:24,614 INFO Fetching stock data for ANGI (period=10y)
2026-05-29 13:02:27,058 INFO Fetching stock data for ANGO (period=10y)
2026-05-29 13:02:29,255 INFO Fetching stock data for ANIK (period=10y)
2026-05-29 13:02:31,412 INFO Fetching stock data for ANIP (period=10y)
2026-05-29 13:02:33,965 INFO Fetching stock data for ANL (period=10y)
2026-05-29 13:02:35,005 INFO Fetching stock data for ANNA (period=10y)
2026-05-29 13:02:36,468 INFO Fetching stock data for ANNX (period=10y)
2026-05-29 13:02:37,917 INFO Fetching stock data for ANSC (period=10y)
2026-05-29 13:02:39,098 INFO Fetching stock data for ANTX (period=10y)
2026-05-29 13:02:40,408 INFO Fetching stock data for AOSL (period=10y)
2026-05-29 13:02:42,613 INFO Fetching stock data for AOUT (period=10y)
2026-05-29 13:02:44,485 INFO Fetching stock data for APA (period=10y)
2026-05-29 13:02:46,505 INFO Progress: 125 / 617 tickers (20.3%) | errors=0
2026-05-29 13:02:46,505 INFO Fetching stock data for APEI (period=10y)
2026-05-29 13:02:48,869 INFO Fetching stock data for APGE (period=10y)
2026-05-29 13:02:50,074 INFO Fetching stock data for API (period=10y)
2026-05-29 13:02:51,368 INFO Fetching stock data for APLD (period=10y)
2026-05-29 13:02:52,679 INFO Fetching stock data for APOG (period=10y)
2026-05-29 13:02:55,105 INFO Fetching stock data for APP (period=10y)
2026-05-29 13:02:56,502 INFO Fetching stock data for APPF (period=10y)
2026-05-29 13:02:58,618 INFO Fetching stock data for APPN (period=10y)
2026-05-29 13:03:00,748 INFO Fetching stock data for APPS (period=10y)
2026-05-29 13:03:03,042 INFO Fetching stock data for APYX (period=10y)
2026-05-29 13:03:04,983 INFO Fetching stock data for AQST (period=10y)
2026-05-29 13:03:06,912 INFO Fetching stock data for ARBE (period=10y)
2026-05-29 13:03:08,306 INFO Fetching stock data for ARCB (period=10y)
2026-05-29 13:03:10,965 INFO Fetching stock data for ARCC (period=10y)
2026-05-29 13:03:12,807 INFO Fetching stock data for ARCT (period=10y)
2026-05-29 13:03:14,765 INFO Fetching stock data for ARDX (period=10y)
2026-05-29 13:03:16,857 INFO Fetching stock data for AREC (period=10y)
2026-05-29 13:03:18,818 INFO Fetching stock data for ARGX (period=10y)
2026-05-29 13:03:19,715 INFO Fetching stock data for ARHS (period=10y)
2026-05-29 13:03:21,123 INFO Fetching stock data for ARKO (period=10y)
2026-05-29 13:03:22,802 INFO Fetching stock data for ARLP (period=10y)
2026-05-29 13:03:25,102 INFO Fetching stock data for ARM (period=10y)
2026-05-29 13:03:26,092 INFO Fetching stock data for ARQ (period=10y)
2026-05-29 13:03:28,437 INFO Fetching stock data for ARQQ (period=10y)
2026-05-29 13:03:29,724 INFO Fetching stock data for ARQT (period=10y)
2026-05-29 13:03:31,344 INFO Progress: 150 / 617 tickers (24.3%) | errors=0
2026-05-29 13:03:44,820 INFO Checkpointed at 150 tickers (294651 rows)
2026-05-29 13:03:44,820 INFO Fetching stock data for ARRY (period=10y)
2026-05-29 13:03:46,455 INFO Fetching stock data for ARTNA (period=10y)
2026-05-29 13:03:48,717 INFO Fetching stock data for ARTV (period=10y)
2026-05-29 13:03:49,719 INFO Fetching stock data for ARVN (period=10y)
2026-05-29 13:03:51,380 INFO Fetching stock data for ASLE (period=10y)
2026-05-29 13:03:53,119 INFO Fetching stock data for ASMB (period=10y)
2026-05-29 13:03:55,339 INFO Fetching stock data for ASML (period=10y)
2026-05-29 13:03:56,500 INFO Fetching stock data for ASND (period=10y)
2026-05-29 13:03:58,266 INFO Fetching stock data for ASO (period=10y)
2026-05-29 13:03:59,856 INFO Fetching stock data for ASPI (period=10y)
2026-05-29 13:04:01,104 INFO Fetching stock data for ASRT (period=10y)
2026-05-29 13:04:02,947 INFO Fetching stock data for ASST (period=10y)
2026-05-29 13:04:04,139 INFO Fetching stock data for ASTE (period=10y)
2026-05-29 13:04:06,494 INFO Fetching stock data for ASTH (period=10y)
2026-05-29 13:04:08,788 INFO Fetching stock data for ASTL (period=10y)
2026-05-29 13:04:09,721 INFO Fetching stock data for ASTS (period=10y)
2026-05-29 13:04:11,223 INFO Fetching stock data for ASYS (period=10y)
2026-05-29 13:04:13,367 INFO Fetching stock data for ATAI (period=10y)
2026-05-29 13:04:14,579 INFO Fetching stock data for ATAT (period=10y)
2026-05-29 13:04:15,480 INFO Fetching stock data for ATEC (period=10y)
2026-05-29 13:04:17,790 INFO Fetching stock data for ATEX (period=10y)
2026-05-29 13:04:19,838 INFO Fetching stock data for ATGL (period=10y)
2026-05-29 13:04:20,629 INFO Fetching stock data for ATII (period=10y)
2026-05-29 13:04:21,528 INFO Fetching stock data for ATLC (period=10y)
2026-05-29 13:04:23,688 INFO Fetching stock data for ATLN (period=10y)
2026-05-29 13:04:24,980 INFO Progress: 175 / 617 tickers (28.4%) | errors=0
2026-05-29 13:04:24,980 INFO Fetching stock data for ATLO (period=10y)
2026-05-29 13:04:27,362 INFO Fetching stock data for ATLX (period=10y)
2026-05-29 13:04:29,519 INFO Fetching stock data for ATNI (period=10y)
2026-05-29 13:04:31,773 INFO Fetching stock data for ATOM (period=10y)
2026-05-29 13:04:33,690 INFO Fetching stock data for ATRA (period=10y)
2026-05-29 13:04:35,883 INFO Fetching stock data for ATRC (period=10y)
2026-05-29 13:04:38,064 INFO Fetching stock data for ATRO (period=10y)
2026-05-29 13:04:40,345 INFO Fetching stock data for AUDC (period=10y)
2026-05-29 13:04:42,074 INFO Fetching stock data for AUPH (period=10y)
2026-05-29 13:04:44,073 INFO Fetching stock data for AUR (period=10y)
2026-05-29 13:04:45,598 INFO Fetching stock data for AURA (period=10y)
2026-05-29 13:04:46,914 INFO Fetching stock data for AUTL (period=10y)
2026-05-29 13:04:48,005 INFO Fetching stock data for AVAH (period=10y)
2026-05-29 13:04:49,454 INFO Fetching stock data for AVAV (period=10y)
2026-05-29 13:04:52,106 INFO Fetching stock data for AVBH (period=10y)
2026-05-29 13:04:53,808 INFO Fetching stock data for AVBP (period=10y)
2026-05-29 13:04:54,896 INFO Fetching stock data for AVGO (period=10y)
2026-05-29 13:04:56,954 INFO Fetching stock data for AVO (period=10y)
2026-05-29 13:04:58,614 INFO Fetching stock data for AVPT (period=10y)
2026-05-29 13:05:00,419 INFO Fetching stock data for AVR (period=10y)
2026-05-29 13:05:01,581 INFO Fetching stock data for AVT (period=10y)
2026-05-29 13:05:03,972 INFO Fetching stock data for AVTX (period=10y)
2026-05-29 13:05:06,090 INFO Fetching stock data for AVXL (period=10y)
2026-05-29 13:05:08,242 INFO Fetching stock data for AXG (period=10y)
2026-05-29 13:05:09,008 INFO Fetching stock data for AXGN (period=10y)
2026-05-29 13:05:11,086 INFO Progress: 200 / 617 tickers (32.4%) | errors=0
2026-05-29 13:05:28,880 INFO Checkpointed at 200 tickers (388771 rows)
2026-05-29 13:05:28,880 INFO Fetching stock data for AXON (period=10y)
2026-05-29 13:05:31,244 INFO Fetching stock data for AXSM (period=10y)
2026-05-29 13:05:33,238 INFO Fetching stock data for AXTI (period=10y)
2026-05-29 13:05:35,858 INFO Fetching stock data for AYA (period=10y)
2026-05-29 13:05:36,769 INFO Fetching stock data for AZ (period=10y)
2026-05-29 13:05:37,583 INFO Fetching stock data for AZTA (period=10y)
2026-05-29 13:05:40,219 INFO Fetching stock data for BAND (period=10y)
2026-05-29 13:05:42,573 INFO Fetching stock data for BANF (period=10y)
2026-05-29 13:05:44,923 INFO Fetching stock data for BANX (period=10y)
2026-05-29 13:05:46,636 INFO Fetching stock data for BATRA (period=10y)
2026-05-29 13:05:48,743 INFO Fetching stock data for BATRK (period=10y)
2026-05-29 13:05:50,600 INFO Fetching stock data for BBCP (period=10y)
2026-05-29 13:05:52,643 INFO Fetching stock data for BBIO (period=10y)
2026-05-29 13:05:54,291 INFO Fetching stock data for BBNX (period=10y)
2026-05-29 13:05:55,177 INFO Fetching stock data for BBOT (period=10y)
2026-05-29 13:05:56,198 INFO Fetching stock data for BBSI (period=10y)
2026-05-29 13:05:58,479 INFO Fetching stock data for BCAL (period=10y)
2026-05-29 13:06:00,354 INFO Fetching stock data for BCAX (period=10y)
2026-05-29 13:06:01,419 INFO Fetching stock data for BCBP (period=10y)
2026-05-29 13:06:03,683 INFO Fetching stock data for BCML (period=10y)
2026-05-29 13:06:06,152 INFO Fetching stock data for BCPC (period=10y)
2026-05-29 13:06:08,569 INFO Fetching stock data for BCRX (period=10y)
2026-05-29 13:06:11,283 INFO Fetching stock data for BCYC (period=10y)
2026-05-29 13:06:13,042 INFO Fetching stock data for BDSX (period=10y)
2026-05-29 13:06:14,781 INFO Fetching stock data for BDTX (period=10y)
2026-05-29 13:06:16,400 INFO Progress: 225 / 617 tickers (36.5%) | errors=0
2026-05-29 13:06:16,401 INFO Fetching stock data for BEAG (period=10y)
2026-05-29 13:06:17,515 INFO Fetching stock data for BEAM (period=10y)
2026-05-29 13:06:19,085 INFO Fetching stock data for BELFA (period=10y)
2026-05-29 13:06:21,408 INFO Fetching stock data for BELFB (period=10y)
2026-05-29 13:06:23,731 INFO Fetching stock data for BFC (period=10y)
2026-05-29 13:06:25,997 INFO Fetching stock data for BFST (period=10y)
2026-05-29 13:06:27,852 INFO Fetching stock data for BGC (period=10y)
2026-05-29 13:06:30,297 INFO Fetching stock data for BHF (period=10y)
2026-05-29 13:06:32,274 INFO Fetching stock data for BHRB (period=10y)
2026-05-29 13:06:34,229 INFO Fetching stock data for BIIB (period=10y)
2026-05-29 13:06:36,573 INFO Fetching stock data for BILI (period=10y)
2026-05-29 13:06:37,863 INFO Fetching stock data for BIOA (period=10y)
2026-05-29 13:06:38,719 INFO Fetching stock data for BJRI (period=10y)
2026-05-29 13:06:40,920 INFO Fetching stock data for BKNG (period=10y)
2026-05-29 13:06:43,886 INFO Fetching stock data for BKR (period=10y)
2026-05-29 13:06:46,202 INFO Fetching stock data for BL (period=10y)
2026-05-29 13:06:48,439 INFO Fetching stock data for BLBD (period=10y)
2026-05-29 13:06:50,461 INFO Fetching stock data for BLDP (period=10y)
2026-05-29 13:06:51,425 INFO Fetching stock data for BLFS (period=10y)
2026-05-29 13:06:54,246 INFO Fetching stock data for BLKB (period=10y)
2026-05-29 13:06:57,039 INFO Fetching stock data for BLMN (period=10y)
2026-05-29 13:07:00,026 INFO Fetching stock data for BLNK (period=10y)
2026-05-29 13:07:02,491 INFO Fetching stock data for BLTE (period=10y)
2026-05-29 13:07:04,104 INFO Fetching stock data for BLZE (period=10y)
2026-05-29 13:07:06,148 INFO Fetching stock data for BMBL (period=10y)
2026-05-29 13:07:08,277 INFO Progress: 250 / 617 tickers (40.5%) | errors=0
2026-05-29 13:07:34,330 INFO Checkpointed at 250 tickers (492223 rows)
2026-05-29 13:07:34,331 INFO Fetching stock data for BMRC (period=10y)
2026-05-29 13:07:36,829 INFO Fetching stock data for BMRN (period=10y)
2026-05-29 13:07:39,190 INFO Fetching stock data for BNAI (period=10y)
2026-05-29 13:07:40,638 INFO Fetching stock data for BNC (period=10y)
2026-05-29 13:07:43,006 INFO Fetching stock data for BNR (period=10y)
2026-05-29 13:07:44,328 INFO Fetching stock data for BNTC (period=10y)
2026-05-29 13:07:46,200 INFO Fetching stock data for BNTX (period=10y)
2026-05-29 13:07:47,667 INFO Fetching stock data for BOKF (period=10y)
2026-05-29 13:07:50,021 INFO Fetching stock data for BOOM (period=10y)
2026-05-29 13:07:52,219 INFO Fetching stock data for BOTJ (period=10y)
2026-05-29 13:07:54,869 INFO Fetching stock data for BPOP (period=10y)
2026-05-29 13:07:58,064 INFO Fetching stock data for BPRN (period=10y)
2026-05-29 13:07:59,971 INFO Fetching stock data for BRLT (period=10y)
2026-05-29 13:08:01,425 INFO Fetching stock data for BRUN (period=10y)
2026-05-29 13:08:02,203 INFO Fetching stock data for BRZE (period=10y)
2026-05-29 13:08:03,793 INFO Fetching stock data for BSBK (period=10y)
2026-05-29 13:08:05,536 INFO Fetching stock data for BSET (period=10y)
2026-05-29 13:08:07,922 INFO Fetching stock data for BSVN (period=10y)
2026-05-29 13:08:09,880 INFO Fetching stock data for BSY (period=10y)
2026-05-29 13:08:11,781 INFO Fetching stock data for BTBT (period=10y)
2026-05-29 13:08:13,426 INFO Fetching stock data for BTSG (period=10y)
2026-05-29 13:08:14,466 INFO Fetching stock data for BULL (period=10y)
2026-05-29 13:08:15,505 INFO Fetching stock data for BUSE (period=10y)
2026-05-29 13:08:18,299 INFO Fetching stock data for BVC (period=10y)
2026-05-29 13:08:19,848 INFO Fetching stock data for BVFL (period=10y)
2026-05-29 13:08:21,679 INFO Progress: 275 / 617 tickers (44.6%) | errors=0
2026-05-29 13:08:21,679 INFO Fetching stock data for BVS (period=10y)
2026-05-29 13:08:23,154 INFO Fetching stock data for BWAY (period=10y)
2026-05-29 13:08:24,576 INFO Fetching stock data for BWB (period=10y)
2026-05-29 13:08:26,591 INFO Fetching stock data for BWFG (period=10y)
2026-05-29 13:08:29,172 INFO Fetching stock data for BWIN (period=10y)
2026-05-29 13:08:30,965 INFO Fetching stock data for BWMN (period=10y)
2026-05-29 13:08:32,366 INFO Fetching stock data for BYND (period=10y)
2026-05-29 13:08:34,118 INFO Fetching stock data for BYRN (period=10y)
2026-05-29 13:08:36,331 INFO Fetching stock data for BZ (period=10y)
2026-05-29 13:08:37,668 INFO Fetching stock data for BZAI (period=10y)
2026-05-29 13:08:39,083 INFO Fetching stock data for BZFD (period=10y)
2026-05-29 13:08:40,558 INFO Fetching stock data for BZUN (period=10y)
2026-05-29 13:08:42,309 INFO Fetching stock data for CAAS (period=10y)
2026-05-29 13:08:43,232 INFO Fetching stock data for CABA (period=10y)
2026-05-29 13:08:45,086 INFO Fetching stock data for CAC (period=10y)
2026-05-29 13:08:48,108 INFO Fetching stock data for CACC (period=10y)
2026-05-29 13:08:50,555 INFO Fetching stock data for CADL (period=10y)
2026-05-29 13:08:52,138 INFO Fetching stock data for CAKE (period=10y)
2026-05-29 13:08:54,416 INFO Fetching stock data for CALM (period=10y)
2026-05-29 13:08:56,630 INFO Fetching stock data for CAMP (period=10y)
2026-05-29 13:08:57,680 INFO Fetching stock data for CAMT (period=10y)
2026-05-29 13:08:58,906 INFO Fetching stock data for CAN (period=10y)
2026-05-29 13:08:59,819 INFO Fetching stock data for CAR (period=10y)
2026-05-29 13:09:02,043 INFO Fetching stock data for CARE (period=10y)
2026-05-29 13:09:04,273 INFO Fetching stock data for CARG (period=10y)
2026-05-29 13:09:06,605 INFO Progress: 300 / 617 tickers (48.6%) | errors=0
2026-05-29 13:09:33,850 INFO Checkpointed at 300 tickers (587277 rows)
2026-05-29 13:09:33,850 INFO Fetching stock data for CART (period=10y)
2026-05-29 13:09:35,136 INFO Fetching stock data for CASH (period=10y)
2026-05-29 13:09:38,407 INFO Fetching stock data for CASS (period=10y)
2026-05-29 13:09:40,684 INFO Fetching stock data for CASY (period=10y)
2026-05-29 13:09:43,053 INFO Fetching stock data for CATY (period=10y)
2026-05-29 13:09:45,782 INFO Fetching stock data for CBFV (period=10y)
2026-05-29 13:09:48,050 INFO Fetching stock data for CBIO (period=10y)
2026-05-29 13:09:50,167 INFO Fetching stock data for CBLL (period=10y)
2026-05-29 13:09:51,375 INFO Fetching stock data for CBNK (period=10y)
2026-05-29 13:09:53,206 INFO Fetching stock data for CBRL (period=10y)
2026-05-29 13:09:55,533 INFO Fetching stock data for CBSH (period=10y)
2026-05-29 13:09:57,982 INFO Fetching stock data for CBUS (period=10y)
2026-05-29 13:10:00,093 INFO Fetching stock data for CCAP (period=10y)
2026-05-29 13:10:01,551 INFO Fetching stock data for CCB (period=10y)
2026-05-29 13:10:03,858 INFO Fetching stock data for CCBG (period=10y)
2026-05-29 13:10:06,311 INFO Fetching stock data for CCC (period=10y)
2026-05-29 13:10:07,956 INFO Fetching stock data for CCCC (period=10y)
2026-05-29 13:10:09,558 INFO Fetching stock data for CCD (period=10y)
2026-05-29 13:10:11,279 INFO Fetching stock data for CCEC (period=10y)
2026-05-29 13:10:13,334 INFO Fetching stock data for CCEP (period=10y)
2026-05-29 13:10:14,488 INFO Fetching stock data for CCIX (period=10y)
2026-05-29 13:10:15,536 INFO Fetching stock data for CCNE (period=10y)
2026-05-29 13:10:18,759 INFO Fetching stock data for CCOI (period=10y)
2026-05-29 13:10:20,980 INFO Fetching stock data for CCRN (period=10y)
2026-05-29 13:10:23,541 INFO Fetching stock data for CCSI (period=10y)
2026-05-29 13:10:25,120 INFO Progress: 325 / 617 tickers (52.7%) | errors=0
2026-05-29 13:10:25,120 INFO Fetching stock data for CD (period=10y)
2026-05-29 13:10:26,840 INFO Fetching stock data for CDNA (period=10y)
2026-05-29 13:10:29,321 INFO Fetching stock data for CDNS (period=10y)
2026-05-29 13:10:31,750 INFO Fetching stock data for CDRO (period=10y)
2026-05-29 13:10:32,999 INFO Fetching stock data for CDW (period=10y)
2026-05-29 13:10:35,515 INFO Fetching stock data for CDXS (period=10y)
2026-05-29 13:10:37,872 INFO Fetching stock data for CDZI (period=10y)
2026-05-29 13:10:40,230 INFO Fetching stock data for CECO (period=10y)
2026-05-29 13:10:42,590 INFO Fetching stock data for CEG (period=10y)
2026-05-29 13:10:43,885 INFO Fetching stock data for CELC (period=10y)
2026-05-29 13:10:45,783 INFO Fetching stock data for CELH (period=10y)
2026-05-29 13:10:48,108 INFO Fetching stock data for CENT (period=10y)
2026-05-29 13:10:50,549 INFO Fetching stock data for CENTA (period=10y)
2026-05-29 13:10:52,605 INFO Fetching stock data for CENX (period=10y)
2026-05-29 13:10:54,870 INFO Fetching stock data for CEPO (period=10y)
2026-05-29 13:10:55,727 INFO Fetching stock data for CEPT (period=10y)
2026-05-29 13:10:56,791 INFO Fetching stock data for CERS (period=10y)
2026-05-29 13:10:59,070 INFO Fetching stock data for CERT (period=10y)
2026-05-29 13:11:00,631 INFO Fetching stock data for CEVA (period=10y)
2026-05-29 13:11:02,913 INFO Fetching stock data for CFBK (period=10y)
2026-05-29 13:11:05,269 INFO Fetching stock data for CFFI (period=10y)
2026-05-29 13:11:07,901 INFO Fetching stock data for CFFN (period=10y)
2026-05-29 13:11:10,348 INFO Fetching stock data for CG (period=10y)
2026-05-29 13:11:12,616 INFO Fetching stock data for CGBD (period=10y)
2026-05-29 13:11:14,415 INFO Fetching stock data for CGC (period=10y)
2026-05-29 13:11:16,367 INFO Progress: 350 / 617 tickers (56.7%) | errors=0
2026-05-29 13:11:48,389 INFO Checkpointed at 350 tickers (692299 rows)
2026-05-29 13:11:48,389 INFO Fetching stock data for CGEM (period=10y)
2026-05-29 13:11:50,106 INFO Fetching stock data for CGEN (period=10y)
2026-05-29 13:11:52,042 INFO Fetching stock data for CGNT (period=10y)
2026-05-29 13:11:53,359 INFO Fetching stock data for CGNX (period=10y)
2026-05-29 13:11:55,863 INFO Fetching stock data for CGO (period=10y)
2026-05-29 13:11:57,589 INFO Fetching stock data for CGON (period=10y)
2026-05-29 13:11:58,672 INFO Fetching stock data for CGTX (period=10y)
2026-05-29 13:12:00,043 INFO Fetching stock data for CHA (period=10y)
2026-05-29 13:12:00,951 INFO Fetching stock data for CHCI (period=10y)
2026-05-29 13:12:03,225 INFO Fetching stock data for CHCO (period=10y)
2026-05-29 13:12:06,266 INFO Fetching stock data for CHDN (period=10y)
2026-05-29 13:12:09,350 INFO Fetching stock data for CHEF (period=10y)
2026-05-29 13:12:11,859 INFO Fetching stock data for CHI (period=10y)
2026-05-29 13:12:13,738 INFO Fetching stock data for CHKP (period=10y)
2026-05-29 13:12:15,767 INFO Fetching stock data for CHMG (period=10y)
2026-05-29 13:12:19,991 INFO Fetching stock data for CHRD (period=10y)
2026-05-29 13:12:23,023 INFO Fetching stock data for CHRN (period=10y)
2026-05-29 13:12:25,591 INFO Fetching stock data for CHRS (period=10y)
2026-05-29 13:12:28,117 INFO Fetching stock data for CHW (period=10y)
2026-05-29 13:12:29,892 INFO Fetching stock data for CHY (period=10y)
2026-05-29 13:12:31,784 INFO Fetching stock data for CIGI (period=10y)
2026-05-29 13:12:33,732 INFO Fetching stock data for CINF (period=10y)
2026-05-29 13:12:36,084 INFO Fetching stock data for CIVB (period=10y)
2026-05-29 13:12:38,818 INFO Fetching stock data for CLBK (period=10y)
2026-05-29 13:12:40,897 INFO Fetching stock data for CLBT (period=10y)
2026-05-29 13:12:42,280 INFO Progress: 375 / 617 tickers (60.8%) | errors=0
2026-05-29 13:12:42,281 INFO Fetching stock data for CLDX (period=10y)
2026-05-29 13:12:44,575 INFO Fetching stock data for CLFD (period=10y)
2026-05-29 13:12:46,862 INFO Fetching stock data for CLLS (period=10y)
2026-05-29 13:12:48,734 INFO Fetching stock data for CLMB (period=10y)
2026-05-29 13:12:51,182 INFO Fetching stock data for CLMT (period=10y)
2026-05-29 13:12:53,140 INFO Fetching stock data for CLNE (period=10y)
2026-05-29 13:12:55,522 INFO Fetching stock data for CLOV (period=10y)
2026-05-29 13:12:57,041 INFO Fetching stock data for CLPT (period=10y)
2026-05-29 13:12:59,125 INFO Fetching stock data for CLSK (period=10y)
2026-05-29 13:13:01,219 INFO Fetching stock data for CLYM (period=10y)
2026-05-29 13:13:02,613 INFO Fetching stock data for CMCO (period=10y)
2026-05-29 13:13:04,971 INFO Fetching stock data for CMCSA (period=10y)
2026-05-29 13:13:07,339 INFO Fetching stock data for CME (period=10y)
2026-05-29 13:13:09,734 INFO Fetching stock data for CMPS (period=10y)
2026-05-29 13:13:11,249 INFO Fetching stock data for CMPX (period=10y)
2026-05-29 13:13:12,774 INFO Fetching stock data for CMRC (period=10y)
2026-05-29 13:13:14,377 INFO Fetching stock data for CMTL (period=10y)
2026-05-29 13:13:16,646 INFO Fetching stock data for CMTV (period=10y)
2026-05-29 13:13:18,907 INFO Fetching stock data for CNCK (period=10y)
2026-05-29 13:13:20,126 INFO Fetching stock data for CNDT (period=10y)
2026-05-29 13:13:22,419 INFO Fetching stock data for CNOB (period=10y)
2026-05-29 13:13:25,189 INFO Fetching stock data for CNTA (period=10y)
2026-05-29 13:13:26,772 INFO Fetching stock data for CNTB (period=10y)
2026-05-29 13:13:28,058 INFO Fetching stock data for CNTN (period=10y)
2026-05-29 13:13:29,370 INFO Fetching stock data for CNTX (period=10y)
2026-05-29 13:13:30,683 INFO Progress: 400 / 617 tickers (64.8%) | errors=0
2026-05-29 13:14:07,203 INFO Checkpointed at 400 tickers (795944 rows)
2026-05-29 13:14:07,203 INFO Fetching stock data for CNXC (period=10y)
2026-05-29 13:14:08,954 INFO Fetching stock data for CNXN (period=10y)
2026-05-29 13:14:11,162 INFO Fetching stock data for COCO (period=10y)
2026-05-29 13:14:12,682 INFO Fetching stock data for CODA (period=10y)
2026-05-29 13:14:14,747 INFO Fetching stock data for COFS (period=10y)
2026-05-29 13:14:17,281 INFO Fetching stock data for COGT (period=10y)
2026-05-29 13:14:19,108 INFO Fetching stock data for COIN (period=10y)
2026-05-29 13:14:20,533 INFO Fetching stock data for COKE (period=10y)
2026-05-29 13:14:22,681 INFO Fetching stock data for COLB (period=10y)
2026-05-29 13:14:25,326 INFO Fetching stock data for COLL (period=10y)
2026-05-29 13:14:27,466 INFO Fetching stock data for COLM (period=10y)
2026-05-29 13:14:29,707 INFO Fetching stock data for COO (period=10y)
2026-05-29 13:14:31,945 INFO Fetching stock data for CORT (period=10y)
2026-05-29 13:14:34,346 INFO Fetching stock data for CORZ (period=10y)
2026-05-29 13:14:35,480 INFO Fetching stock data for COST (period=10y)
2026-05-29 13:14:37,845 INFO Fetching stock data for COYA (period=10y)
2026-05-29 13:14:39,126 INFO Fetching stock data for CPB (period=10y)
2026-05-29 13:14:41,751 INFO Fetching stock data for CPRT (period=10y)
2026-05-29 13:14:44,015 INFO Fetching stock data for CPRX (period=10y)
2026-05-29 13:14:46,317 INFO Fetching stock data for CPSH (period=10y)
2026-05-29 13:14:48,549 INFO Fetching stock data for CPSS (period=10y)
2026-05-29 13:14:50,801 INFO Fetching stock data for CPZ (period=10y)
2026-05-29 13:14:52,450 INFO Fetching stock data for CRAI (period=10y)
2026-05-29 13:14:55,057 INFO Fetching stock data for CRBP (period=10y)
2026-05-29 13:14:57,183 INFO Fetching stock data for CRCT (period=10y)
2026-05-29 13:14:58,628 INFO Progress: 425 / 617 tickers (68.9%) | errors=0
2026-05-29 13:14:58,629 INFO Fetching stock data for CRDF (period=10y)
2026-05-29 13:15:00,797 INFO Fetching stock data for CRDL (period=10y)
2026-05-29 13:15:01,656 INFO Fetching stock data for CRDO (period=10y)
2026-05-29 13:15:03,045 INFO Fetching stock data for CRESY (period=10y)
2026-05-29 13:15:04,885 INFO Fetching stock data for CRMD (period=10y)
2026-05-29 13:15:07,245 INFO Fetching stock data for CRML (period=10y)
2026-05-29 13:15:08,355 INFO Fetching stock data for CRMT (period=10y)
2026-05-29 13:15:11,234 INFO Fetching stock data for CRNC (period=10y)
2026-05-29 13:15:13,858 INFO Fetching stock data for CRNT (period=10y)
2026-05-29 13:15:15,865 INFO Fetching stock data for CRNX (period=10y)
2026-05-29 13:15:17,992 INFO Fetching stock data for CRON (period=10y)
2026-05-29 13:15:20,116 INFO Fetching stock data for CROX (period=10y)
2026-05-29 13:15:22,530 INFO Fetching stock data for CRSP (period=10y)
2026-05-29 13:15:24,772 INFO Fetching stock data for CRTO (period=10y)
2026-05-29 13:15:27,025 INFO Fetching stock data for CRUS (period=10y)
2026-05-29 13:15:29,315 INFO Fetching stock data for CRVL (period=10y)
2026-05-29 13:15:31,396 INFO Fetching stock data for CRVS (period=10y)
2026-05-29 13:15:33,521 INFO Fetching stock data for CRWD (period=10y)
2026-05-29 13:15:35,314 INFO Fetching stock data for CRWV (period=10y)
2026-05-29 13:15:36,467 INFO Fetching stock data for CSCO (period=10y)
2026-05-29 13:15:38,815 INFO Fetching stock data for CSGP (period=10y)
2026-05-29 13:15:41,230 INFO Fetching stock data for CSIQ (period=10y)
2026-05-29 13:15:42,930 INFO Fetching stock data for CSQ (period=10y)
2026-05-29 13:15:44,873 INFO Fetching stock data for CSTL (period=10y)
2026-05-29 13:15:46,571 INFO Fetching stock data for CSWC (period=10y)
2026-05-29 13:15:48,782 INFO Progress: 450 / 617 tickers (72.9%) | errors=0
2026-05-29 13:16:30,269 INFO Checkpointed at 450 tickers (902490 rows)
2026-05-29 13:16:30,269 INFO Fetching stock data for CSX (period=10y)
2026-05-29 13:16:32,735 INFO Fetching stock data for CTAS (period=10y)
2026-05-29 13:16:35,062 INFO Fetching stock data for CTBI (period=10y)
2026-05-29 13:16:37,328 INFO Fetching stock data for CTKB (period=10y)
2026-05-29 13:16:38,858 INFO Fetching stock data for CTMX (period=10y)
2026-05-29 13:16:41,024 INFO Fetching stock data for CTNM (period=10y)
2026-05-29 13:16:42,149 INFO Fetching stock data for CTRN (period=10y)
2026-05-29 13:16:44,202 INFO Fetching stock data for CTSH (period=10y)
2026-05-29 13:16:46,598 INFO Fetching stock data for CUB (period=10y)
2026-05-29 13:16:47,471 INFO Fetching stock data for CURI (period=10y)
2026-05-29 13:16:49,130 INFO Fetching stock data for CVBF (period=10y)
2026-05-29 13:16:51,888 INFO Fetching stock data for CVCO (period=10y)
2026-05-29 13:16:54,444 INFO Fetching stock data for CVGI (period=10y)
2026-05-29 13:16:57,010 INFO Fetching stock data for CVLT (period=10y)
2026-05-29 13:16:59,268 INFO Fetching stock data for CVRX (period=10y)
2026-05-29 13:17:00,608 INFO Fetching stock data for CWBC (period=10y)
2026-05-29 13:17:03,606 INFO Fetching stock data for CWCO (period=10y)
2026-05-29 13:17:07,460 INFO Fetching stock data for CWST (period=10y)
2026-05-29 13:17:09,724 INFO Fetching stock data for CXDO (period=10y)
2026-05-29 13:17:12,133 INFO Fetching stock data for CYPH (period=10y)
2026-05-29 13:17:14,188 INFO Fetching stock data for CYRX (period=10y)
2026-05-29 13:17:16,612 INFO Fetching stock data for CYTK (period=10y)
2026-05-29 13:17:19,295 INFO Fetching stock data for CZFS (period=10y)
2026-05-29 13:17:21,737 INFO Fetching stock data for CZNC (period=10y)
2026-05-29 13:17:24,325 INFO Fetching stock data for CZR (period=10y)
2026-05-29 13:17:26,453 INFO Progress: 475 / 617 tickers (77.0%) | errors=0
2026-05-29 13:17:26,453 INFO Fetching stock data for CZWI (period=10y)
2026-05-29 13:17:29,059 INFO Fetching stock data for DAKT (period=10y)
2026-05-29 13:17:31,665 INFO Fetching stock data for DASH (period=10y)
2026-05-29 13:17:33,166 INFO Fetching stock data for DAVE (period=10y)
2026-05-29 13:17:34,557 INFO Fetching stock data for DBVT (period=10y)
2026-05-29 13:17:36,778 INFO Fetching stock data for DBX (period=10y)
2026-05-29 13:17:38,737 INFO Fetching stock data for DCBO (period=10y)
2026-05-29 13:17:39,626 INFO Fetching stock data for DCTH (period=10y)
2026-05-29 13:17:41,749 INFO Fetching stock data for DDI (period=10y)
2026-05-29 13:17:43,246 INFO Fetching stock data for DDOG (period=10y)
2026-05-29 13:17:44,936 INFO Fetching stock data for DEFT (period=10y)
2026-05-29 13:17:45,815 INFO Fetching stock data for DERM (period=10y)
2026-05-29 13:17:47,322 INFO Fetching stock data for DFDV (period=10y)
2026-05-29 13:17:48,469 INFO Fetching stock data for DFTX (period=10y)
2026-05-29 13:17:50,517 INFO Fetching stock data for DGICA (period=10y)
2026-05-29 13:17:52,966 INFO Fetching stock data for DGICB (period=10y)
2026-05-29 13:17:55,301 INFO Fetching stock data for DGII (period=10y)
2026-05-29 13:17:57,626 INFO Fetching stock data for DGXX (period=10y)
2026-05-29 13:17:58,966 INFO Fetching stock data for DHC (period=10y)
2026-05-29 13:18:01,123 INFO Fetching stock data for DIBS (period=10y)
2026-05-29 13:18:02,700 INFO Fetching stock data for DIOD (period=10y)
2026-05-29 13:18:04,970 INFO Fetching stock data for DJCO (period=10y)
2026-05-29 13:18:07,296 INFO Fetching stock data for DJT (period=10y)
2026-05-29 13:18:08,799 INFO Fetching stock data for DKNG (period=10y)
2026-05-29 13:18:10,376 INFO Fetching stock data for DLO (period=10y)
2026-05-29 13:18:11,262 INFO Progress: 500 / 617 tickers (81.0%) | errors=0
2026-05-29 13:18:57,563 INFO Checkpointed at 500 tickers (1002152 rows)
2026-05-29 13:18:57,563 INFO Fetching stock data for DLTH (period=10y)
2026-05-29 13:18:59,848 INFO Fetching stock data for DMAA (period=10y)
2026-05-29 13:19:00,723 INFO Fetching stock data for DMAC (period=10y)
2026-05-29 13:19:02,669 INFO Fetching stock data for DMLP (period=10y)
2026-05-29 13:19:04,917 INFO Fetching stock data for DMRA (period=10y)
2026-05-29 13:19:06,482 INFO Fetching stock data for DMRC (period=10y)
2026-05-29 13:19:08,208 INFO Fetching stock data for DNLI (period=10y)
2026-05-29 13:19:10,124 INFO Fetching stock data for DNTH (period=10y)
2026-05-29 13:19:11,946 INFO Fetching stock data for DNUT (period=10y)
2026-05-29 13:19:13,430 INFO Fetching stock data for DOMO (period=10y)
2026-05-29 13:19:15,377 INFO Fetching stock data for DOO (period=10y)
2026-05-29 13:19:16,330 INFO Fetching stock data for DORM (period=10y)
2026-05-29 13:19:18,459 INFO Fetching stock data for DOX (period=10y)
2026-05-29 13:19:20,370 INFO Fetching stock data for DPRO (period=10y)
2026-05-29 13:19:21,326 INFO Fetching stock data for DPZ (period=10y)
2026-05-29 13:19:23,563 INFO Fetching stock data for DRDB (period=10y)
2026-05-29 13:19:24,289 INFO Fetching stock data for DRH (period=10y)
2026-05-29 13:19:26,585 INFO Fetching stock data for DRS (period=10y)
2026-05-29 13:19:28,612 INFO Fetching stock data for DRTS (period=10y)
2026-05-29 13:19:29,496 INFO Fetching stock data for DRUG (period=10y)
2026-05-29 13:19:30,843 INFO Fetching stock data for DRVN (period=10y)
2026-05-29 13:19:32,310 INFO Fetching stock data for DSGN (period=10y)
2026-05-29 13:19:33,766 INFO Fetching stock data for DSGX (period=10y)
2026-05-29 13:19:35,118 INFO Fetching stock data for DSP (period=10y)
2026-05-29 13:19:36,649 INFO Fetching stock data for DTIL (period=10y)
2026-05-29 13:19:38,344 INFO Progress: 525 / 617 tickers (85.1%) | errors=0
2026-05-29 13:19:38,344 INFO Fetching stock data for DUOL (period=10y)
2026-05-29 13:19:39,822 INFO Fetching stock data for DUOT (period=10y)
2026-05-29 13:19:42,394 INFO Fetching stock data for DVLT (period=10y)
2026-05-29 13:19:44,192 INFO Fetching stock data for DWSN (period=10y)
2026-05-29 13:19:46,866 INFO Fetching stock data for DXCM (period=10y)
2026-05-29 13:19:49,292 INFO Fetching stock data for DXPE (period=10y)
2026-05-29 13:19:51,978 INFO Fetching stock data for DYN (period=10y)
2026-05-29 13:19:53,527 INFO Fetching stock data for DYNC (period=10y)
2026-05-29 13:19:54,290 INFO Fetching stock data for EA (period=10y)
2026-05-29 13:19:56,966 INFO Fetching stock data for EBAY (period=10y)
2026-05-29 13:19:59,354 INFO Fetching stock data for EBC (period=10y)
2026-05-29 13:20:01,372 INFO Fetching stock data for EBMT (period=10y)
2026-05-29 13:20:03,831 INFO Fetching stock data for ECBK (period=10y)
2026-05-29 13:20:05,296 INFO Fetching stock data for ECPG (period=10y)
2026-05-29 13:20:07,609 INFO Fetching stock data for ECX (period=10y)
2026-05-29 13:20:08,967 INFO Fetching stock data for EDAP (period=10y)
2026-05-29 13:20:10,846 INFO Fetching stock data for EDIT (period=10y)
2026-05-29 13:20:13,014 INFO Fetching stock data for EEFT (period=10y)
2026-05-29 13:20:15,335 INFO Fetching stock data for EFSC (period=10y)
2026-05-29 13:20:17,999 INFO Fetching stock data for EFSI (period=10y)
2026-05-29 13:20:20,462 INFO Fetching stock data for EGAN (period=10y)
2026-05-29 13:20:22,637 INFO Fetching stock data for EGBN (period=10y)
2026-05-29 13:20:25,105 INFO Fetching stock data for EH (period=10y)
2026-05-29 13:20:25,953 INFO Fetching stock data for ELDN (period=10y)
2026-05-29 13:20:28,002 INFO Fetching stock data for ELE (period=10y)
2026-05-29 13:20:28,881 INFO Progress: 550 / 617 tickers (89.1%) | errors=0
2026-05-29 13:21:19,833 INFO Checkpointed at 550 tickers (1100564 rows)
2026-05-29 13:21:19,834 INFO Fetching stock data for ELTX (period=10y)
2026-05-29 13:21:21,703 INFO Fetching stock data for ELVA (period=10y)
2026-05-29 13:21:22,597 INFO Fetching stock data for ELVN (period=10y)
2026-05-29 13:21:24,195 INFO Fetching stock data for EMBC (period=10y)
2026-05-29 13:21:25,722 INFO Fetching stock data for EML (period=10y)
2026-05-29 13:21:28,313 INFO Fetching stock data for EMPD (period=10y)
2026-05-29 13:21:29,614 INFO Fetching stock data for ENGN (period=10y)
2026-05-29 13:21:30,978 INFO Fetching stock data for ENLT (period=10y)
2026-05-29 13:21:32,074 INFO Fetching stock data for ENLV (period=10y)
2026-05-29 13:21:33,124 INFO Fetching stock data for ENPH (period=10y)
2026-05-29 13:21:35,604 INFO Fetching stock data for ENSG (period=10y)
2026-05-29 13:21:37,781 INFO Fetching stock data for ENTA (period=10y)
2026-05-29 13:21:40,096 INFO Fetching stock data for ENTG (period=10y)
2026-05-29 13:21:42,488 INFO Fetching stock data for ENVX (period=10y)
2026-05-29 13:21:43,979 INFO Fetching stock data for EOLS (period=10y)
2026-05-29 13:21:46,093 INFO Fetching stock data for EOSE (period=10y)
2026-05-29 13:21:47,731 INFO Fetching stock data for EPRX (period=10y)
2026-05-29 13:21:48,555 INFO Fetching stock data for EPSN (period=10y)
2026-05-29 13:21:50,652 INFO Fetching stock data for EQ (period=10y)
2026-05-29 13:21:52,697 INFO Fetching stock data for EQIX (period=10y)
2026-05-29 13:21:55,577 INFO Fetching stock data for ERAS (period=10y)
2026-05-29 13:21:56,921 INFO Fetching stock data for ERIC (period=10y)
2026-05-29 13:21:58,305 INFO Fetching stock data for ERIE (period=10y)
2026-05-29 13:22:00,706 INFO Fetching stock data for ERII (period=10y)
2026-05-29 13:22:03,431 INFO Fetching stock data for ESCA (period=10y)
2026-05-29 13:22:05,878 INFO Progress: 575 / 617 tickers (93.2%) | errors=0
2026-05-29 13:22:05,878 INFO Fetching stock data for ESEA (period=10y)
2026-05-29 13:22:07,863 INFO Fetching stock data for ESLT (period=10y)
2026-05-29 13:22:09,964 INFO Fetching stock data for ESOA (period=10y)
2026-05-29 13:22:12,520 INFO Fetching stock data for ESQ (period=10y)
2026-05-29 13:22:14,703 INFO Fetching stock data for ESTA (period=10y)
2026-05-29 13:22:16,523 INFO Fetching stock data for ETON (period=10y)
2026-05-29 13:22:18,271 INFO Fetching stock data for EU (period=10y)
2026-05-29 13:22:20,078 INFO Fetching stock data for EVCM (period=10y)
2026-05-29 13:22:21,472 INFO Fetching stock data for EVGO (period=10y)
2026-05-29 13:22:22,988 INFO Fetching stock data for EVLV (period=10y)
2026-05-29 13:22:24,656 INFO Fetching stock data for EVO (period=10y)
2026-05-29 13:22:25,683 INFO Fetching stock data for EVRG (period=10y)
2026-05-29 13:22:28,624 INFO Fetching stock data for EWBC (period=10y)
2026-05-29 13:22:31,262 INFO Fetching stock data for EWTX (period=10y)
2026-05-29 13:22:32,788 INFO Fetching stock data for EXC (period=10y)
2026-05-29 13:22:35,364 INFO Fetching stock data for EXE (period=10y)
2026-05-29 13:22:37,196 INFO Fetching stock data for EXEL (period=10y)
2026-05-29 13:22:39,507 INFO Fetching stock data for EXFY (period=10y)
2026-05-29 13:22:40,900 INFO Fetching stock data for EXLS (period=10y)
2026-05-29 13:22:43,020 INFO Fetching stock data for EXPE (period=10y)
2026-05-29 13:22:45,381 INFO Fetching stock data for EXPO (period=10y)
2026-05-29 13:22:47,849 INFO Fetching stock data for EYE (period=10y)
2026-05-29 13:22:49,815 INFO Fetching stock data for EYPT (period=10y)
2026-05-29 13:22:52,110 INFO Fetching stock data for FA (period=10y)
2026-05-29 13:22:53,563 INFO Fetching stock data for FACT (period=10y)
2026-05-29 13:22:54,360 INFO Progress: 600 / 617 tickers (97.2%) | errors=0
2026-05-29 13:23:49,979 INFO Checkpointed at 600 tickers (1199086 rows)
2026-05-29 13:23:49,979 INFO Fetching stock data for FANG (period=10y)
2026-05-29 13:23:52,193 INFO Fetching stock data for FAST (period=10y)
2026-05-29 13:23:54,416 INFO Fetching stock data for FATE (period=10y)
2026-05-29 13:23:56,692 INFO Fetching stock data for FATN (period=10y)
2026-05-29 13:23:57,821 INFO Fetching stock data for FBIZ (period=10y)
2026-05-29 13:24:01,506 INFO Fetching stock data for FBLA (period=10y)
2026-05-29 13:24:02,782 INFO Fetching stock data for FBNC (period=10y)
2026-05-29 13:24:05,219 INFO Fetching stock data for FBRX (period=10y)
2026-05-29 13:24:07,434 INFO Fetching stock data for FBYD (period=10y)
2026-05-29 13:24:08,810 INFO Fetching stock data for FCAP (period=10y)
2026-05-29 13:24:11,257 INFO Fetching stock data for FCBC (period=10y)
2026-05-29 13:24:13,658 INFO Fetching stock data for FCCO (period=10y)
2026-05-29 13:24:16,206 INFO Fetching stock data for FCEL (period=10y)
2026-05-29 13:24:18,548 INFO Fetching stock data for FCFS (period=10y)
2026-05-29 13:24:21,426 INFO Fetching stock data for FCNCA (period=10y)
2026-05-29 13:24:23,939 INFO Fetching stock data for FDBC (period=10y)
2026-05-29 13:24:26,424 INFO Fetching stock data for FDMT (period=10y)
2026-05-29 13:24:28,367 INFO ================================================================================
2026-05-29 13:24:28,367 INFO FINAL 10-YEAR DATASET
2026-05-29 13:24:28,367 INFO ================================================================================
2026-05-29 13:24:28,374 INFO Rows: 1234235 | Columns: 57 | Tickers: 617
2026-05-29 13:24:28,378 INFO Date range: 2016-05-31 to 2026-05-27
2026-05-29 13:24:28,380 INFO Class balance: 428725 positive (34.7%) / 805510 negative
2026-05-29 13:24:28,391 INFO No date gaps > 4 days — clean
2026-05-29 13:24:28,436 INFO No duplicate rows — clean
2026-05-29 13:24:28,436 INFO NaN rates (>1%%):
2026-05-29 13:24:28,438 INFO   BB_Position: 1.1%
2026-05-29 13:24:28,442 INFO   Dist_52w_High: 3.1%
2026-05-29 13:24:28,444 INFO   Dist_52w_Low: 3.1%
2026-05-29 13:24:28,451 INFO   Price_to_SMA_200: 9.9%
2026-05-29 13:24:28,453 INFO   Price_to_SMA_50: 2.4%
2026-05-29 13:24:28,455 INFO   RSI_14: 1.0%
2026-05-29 13:24:28,461 INFO   Return_60d: 3.0%
2026-05-29 13:24:28,464 INFO   Volatility_60d: 3.0%
2026-05-29 13:24:28,465 INFO   Volatility_Contraction: 3.0%
2026-05-29 13:24:28,467 INFO   Volume_Price_Confirm: 1.1%
2026-05-29 13:24:28,468 INFO   Volume_Ratio: 1.1%
2026-05-29 13:24:28,470 INFO   Volume_Spike_Magnitude: 1.1%
2026-05-29 13:24:28,472 INFO   Volume_Surge_3d: 1.1%
2026-05-29 13:24:28,476 INFO   hist_capex: 34.7%
2026-05-29 13:24:28,478 INFO   hist_current_ratio: 36.5%
2026-05-29 13:24:28,480 INFO   hist_debt_to_equity: 67.4%
2026-05-29 13:24:28,481 INFO   hist_diluted_eps: 32.7%
2026-05-29 13:24:28,483 INFO   hist_earnings_growth_qoq: 35.4%
2026-05-29 13:24:28,484 INFO   hist_net_income: 22.1%
2026-05-29 13:24:28,486 INFO   hist_operating_income: 26.2%
2026-05-29 13:24:28,487 INFO   hist_operating_margin: 52.3%
2026-05-29 13:24:28,489 INFO   hist_profit_margin: 49.6%
2026-05-29 13:24:28,491 INFO   hist_revenue_growth_qoq: 48.7%
2026-05-29 13:24:28,492 INFO   hist_roa: 23.9%
2026-05-29 13:24:28,494 INFO   hist_roe: 25.0%
2026-05-29 13:24:28,495 INFO   hist_stockholders_equity: 21.4%
2026-05-29 13:24:28,497 INFO   hist_total_assets: 20.3%
2026-05-29 13:24:28,498 INFO   hist_total_revenue: 46.7%
2026-05-29 13:24:28,500 INFO   insider_buy_ratio_90d: 5.6%
2026-05-29 13:24:28,502 INFO   insider_net_buys_90d: 5.6%
2026-05-29 13:24:28,503 INFO   insider_total_transactions_90d: 5.6%
2026-05-29 13:24:28,506 INFO   sec_filing_age_days: 18.1%
2026-05-29 13:24:28,508 INFO   sec_operating_cash_flow: 25.0%
2026-05-29 13:25:25,869 INFO Saved to training_data_10y_full.csv
2026-05-29 13:25:25,870 INFO Errors (tickers skipped): 0
