nohup: ignoring input
2026-05-29 05:01:40,363 Loading dataset...
2026-05-29 05:01:47,675 Loaded: 1924805 rows, 36 columns
2026-05-29 05:01:47,708 Total tickers: 2199, already done: 0
2026-05-29 05:01:55,726 Progress: 10 / 2199 tickers (0.5%)
2026-05-29 05:02:04,033 Progress: 20 / 2199 tickers (0.9%)
2026-05-29 05:02:12,674 Progress: 30 / 2199 tickers (1.4%)
2026-05-29 05:02:21,893 Progress: 40 / 2199 tickers (1.8%)
2026-05-29 05:02:29,826 Progress: 50 / 2199 tickers (2.3%)
2026-05-29 05:02:29,826 Checkpointing at 50 tickers...
2026-05-29 05:03:42,659 Progress: 60 / 2199 tickers (2.7%)
2026-05-29 05:03:50,707 Progress: 70 / 2199 tickers (3.2%)
2026-05-29 05:03:59,416 Progress: 80 / 2199 tickers (3.6%)
2026-05-29 05:04:07,700 Progress: 90 / 2199 tickers (4.1%)
2026-05-29 05:04:15,568 Progress: 100 / 2199 tickers (4.5%)
2026-05-29 05:04:15,568 Checkpointing at 100 tickers...
2026-05-29 05:05:30,837 Progress: 110 / 2199 tickers (5.0%)
2026-05-29 05:05:39,682 Progress: 120 / 2199 tickers (5.5%)
2026-05-29 05:05:48,432 Progress: 130 / 2199 tickers (5.9%)
2026-05-29 05:05:56,664 Progress: 140 / 2199 tickers (6.4%)
2026-05-29 05:06:05,468 Progress: 150 / 2199 tickers (6.8%)
2026-05-29 05:06:05,468 Checkpointing at 150 tickers...
2026-05-29 05:07:19,674 Progress: 160 / 2199 tickers (7.3%)
2026-05-29 05:07:30,100 Progress: 170 / 2199 tickers (7.7%)
2026-05-29 05:07:38,817 Progress: 180 / 2199 tickers (8.2%)
2026-05-29 05:07:47,471 Progress: 190 / 2199 tickers (8.6%)
2026-05-29 05:07:56,842 Progress: 200 / 2199 tickers (9.1%)
2026-05-29 05:07:56,842 Checkpointing at 200 tickers...
2026-05-29 05:09:10,743 Progress: 210 / 2199 tickers (9.5%)
2026-05-29 05:09:19,284 Progress: 220 / 2199 tickers (10.0%)
2026-05-29 05:09:28,533 Progress: 230 / 2199 tickers (10.5%)
2026-05-29 05:09:36,382 Progress: 240 / 2199 tickers (10.9%)
2026-05-29 05:09:44,847 Progress: 250 / 2199 tickers (11.4%)
2026-05-29 05:09:44,847 Checkpointing at 250 tickers...
2026-05-29 05:10:58,998 Progress: 260 / 2199 tickers (11.8%)
2026-05-29 05:11:09,159 Progress: 270 / 2199 tickers (12.3%)
2026-05-29 05:11:17,773 Progress: 280 / 2199 tickers (12.7%)
2026-05-29 05:11:25,734 Progress: 290 / 2199 tickers (13.2%)
2026-05-29 05:11:33,065 Progress: 300 / 2199 tickers (13.6%)
2026-05-29 05:11:33,065 Checkpointing at 300 tickers...
2026-05-29 05:12:48,382 Progress: 310 / 2199 tickers (14.1%)
2026-05-29 05:12:57,643 Progress: 320 / 2199 tickers (14.6%)
2026-05-29 05:13:06,580 Progress: 330 / 2199 tickers (15.0%)
2026-05-29 05:13:14,255 Progress: 340 / 2199 tickers (15.5%)
2026-05-29 05:13:22,280 Progress: 350 / 2199 tickers (15.9%)
2026-05-29 05:13:22,280 Checkpointing at 350 tickers...
2026-05-29 05:14:36,898 Progress: 360 / 2199 tickers (16.4%)
2026-05-29 05:14:43,867 Progress: 370 / 2199 tickers (16.8%)
2026-05-29 05:14:52,645 Progress: 380 / 2199 tickers (17.3%)
2026-05-29 05:15:01,263 Progress: 390 / 2199 tickers (17.7%)
2026-05-29 05:15:09,853 Progress: 400 / 2199 tickers (18.2%)
2026-05-29 05:15:09,853 Checkpointing at 400 tickers...
2026-05-29 05:16:23,553 Progress: 410 / 2199 tickers (18.6%)
2026-05-29 05:16:31,904 Progress: 420 / 2199 tickers (19.1%)
2026-05-29 05:16:40,392 Progress: 430 / 2199 tickers (19.6%)
2026-05-29 05:16:48,311 Progress: 440 / 2199 tickers (20.0%)
2026-05-29 05:16:57,671 Progress: 450 / 2199 tickers (20.5%)
2026-05-29 05:16:57,671 Checkpointing at 450 tickers...
2026-05-29 05:18:13,915 Progress: 460 / 2199 tickers (20.9%)
2026-05-29 05:18:21,994 Progress: 470 / 2199 tickers (21.4%)
2026-05-29 05:18:29,681 Progress: 480 / 2199 tickers (21.8%)
2026-05-29 05:18:38,316 Progress: 490 / 2199 tickers (22.3%)
2026-05-29 05:18:46,365 Progress: 500 / 2199 tickers (22.7%)
2026-05-29 05:18:46,365 Checkpointing at 500 tickers...
2026-05-29 05:20:01,264 Progress: 510 / 2199 tickers (23.2%)
2026-05-29 05:20:09,717 Progress: 520 / 2199 tickers (23.6%)
2026-05-29 05:20:17,746 Progress: 530 / 2199 tickers (24.1%)
2026-05-29 05:20:26,461 Progress: 540 / 2199 tickers (24.6%)
2026-05-29 05:20:34,675 Progress: 550 / 2199 tickers (25.0%)
2026-05-29 05:20:34,675 Checkpointing at 550 tickers...
2026-05-29 05:21:50,436 Progress: 560 / 2199 tickers (25.5%)
2026-05-29 05:21:59,088 Progress: 570 / 2199 tickers (25.9%)
2026-05-29 05:22:07,197 Progress: 580 / 2199 tickers (26.4%)
2026-05-29 05:22:15,442 Progress: 590 / 2199 tickers (26.8%)
2026-05-29 05:22:23,473 Progress: 600 / 2199 tickers (27.3%)
2026-05-29 05:22:23,473 Checkpointing at 600 tickers...
2026-05-29 05:23:38,537 Progress: 610 / 2199 tickers (27.7%)
2026-05-29 05:23:47,827 Progress: 620 / 2199 tickers (28.2%)
2026-05-29 05:23:57,050 Progress: 630 / 2199 tickers (28.6%)
2026-05-29 05:24:05,453 Progress: 640 / 2199 tickers (29.1%)
2026-05-29 05:24:13,947 Progress: 650 / 2199 tickers (29.6%)
2026-05-29 05:24:13,948 Checkpointing at 650 tickers...
2026-05-29 05:25:28,987 Progress: 660 / 2199 tickers (30.0%)
2026-05-29 05:25:38,056 Progress: 670 / 2199 tickers (30.5%)
2026-05-29 05:25:47,134 Progress: 680 / 2199 tickers (30.9%)
2026-05-29 05:25:55,264 Progress: 690 / 2199 tickers (31.4%)
2026-05-29 05:26:03,951 Progress: 700 / 2199 tickers (31.8%)
2026-05-29 05:26:03,951 Checkpointing at 700 tickers...
2026-05-29 05:27:19,526 Progress: 710 / 2199 tickers (32.3%)
2026-05-29 05:27:28,529 Progress: 720 / 2199 tickers (32.7%)
2026-05-29 05:27:37,297 Progress: 730 / 2199 tickers (33.2%)
2026-05-29 05:27:45,750 Progress: 740 / 2199 tickers (33.7%)
2026-05-29 05:27:53,070 Progress: 750 / 2199 tickers (34.1%)
2026-05-29 05:27:53,070 Checkpointing at 750 tickers...
2026-05-29 05:29:07,563 Progress: 760 / 2199 tickers (34.6%)
2026-05-29 05:29:15,817 Progress: 770 / 2199 tickers (35.0%)
2026-05-29 05:29:24,920 Progress: 780 / 2199 tickers (35.5%)
2026-05-29 05:29:32,903 Progress: 790 / 2199 tickers (35.9%)
2026-05-29 05:29:40,300 Progress: 800 / 2199 tickers (36.4%)
2026-05-29 05:29:40,301 Checkpointing at 800 tickers...
2026-05-29 05:30:55,203 Progress: 810 / 2199 tickers (36.8%)
2026-05-29 05:31:04,041 Progress: 820 / 2199 tickers (37.3%)
2026-05-29 05:31:11,968 Progress: 830 / 2199 tickers (37.7%)
2026-05-29 05:31:21,205 Progress: 840 / 2199 tickers (38.2%)
2026-05-29 05:31:28,693 Progress: 850 / 2199 tickers (38.7%)
2026-05-29 05:31:28,693 Checkpointing at 850 tickers...
2026-05-29 05:32:41,848 Progress: 860 / 2199 tickers (39.1%)
2026-05-29 05:32:51,310 Progress: 870 / 2199 tickers (39.6%)
2026-05-29 05:32:59,735 Progress: 880 / 2199 tickers (40.0%)
2026-05-29 05:33:09,016 Progress: 890 / 2199 tickers (40.5%)
2026-05-29 05:33:17,018 Progress: 900 / 2199 tickers (40.9%)
2026-05-29 05:33:17,018 Checkpointing at 900 tickers...
2026-05-29 05:34:31,810 Progress: 910 / 2199 tickers (41.4%)
2026-05-29 05:34:40,842 Progress: 920 / 2199 tickers (41.8%)
2026-05-29 05:34:48,373 Progress: 930 / 2199 tickers (42.3%)
2026-05-29 05:34:56,424 Progress: 940 / 2199 tickers (42.7%)
2026-05-29 05:35:04,356 Progress: 950 / 2199 tickers (43.2%)
2026-05-29 05:35:04,356 Checkpointing at 950 tickers...
2026-05-29 05:36:15,899 Progress: 960 / 2199 tickers (43.7%)
2026-05-29 05:36:24,290 Progress: 970 / 2199 tickers (44.1%)
2026-05-29 05:36:33,863 Progress: 980 / 2199 tickers (44.6%)
2026-05-29 05:36:42,936 Progress: 990 / 2199 tickers (45.0%)
2026-05-29 05:36:50,851 Progress: 1000 / 2199 tickers (45.5%)
2026-05-29 05:36:50,852 Checkpointing at 1000 tickers...
2026-05-29 05:38:03,427 Progress: 1010 / 2199 tickers (45.9%)
2026-05-29 05:38:11,850 Progress: 1020 / 2199 tickers (46.4%)
2026-05-29 05:38:20,232 Progress: 1030 / 2199 tickers (46.8%)
2026-05-29 05:38:29,084 Progress: 1040 / 2199 tickers (47.3%)
2026-05-29 05:38:37,996 Progress: 1050 / 2199 tickers (47.7%)
2026-05-29 05:38:37,997 Checkpointing at 1050 tickers...
2026-05-29 05:39:50,390 Progress: 1060 / 2199 tickers (48.2%)
2026-05-29 05:39:58,324 Progress: 1070 / 2199 tickers (48.7%)
2026-05-29 05:40:05,325 Progress: 1080 / 2199 tickers (49.1%)
2026-05-29 05:40:13,127 Progress: 1090 / 2199 tickers (49.6%)
2026-05-29 05:40:20,980 Progress: 1100 / 2199 tickers (50.0%)
2026-05-29 05:40:20,980 Checkpointing at 1100 tickers...
2026-05-29 05:41:32,548 Progress: 1110 / 2199 tickers (50.5%)
2026-05-29 05:41:39,933 Progress: 1120 / 2199 tickers (50.9%)
2026-05-29 05:41:47,331 Progress: 1130 / 2199 tickers (51.4%)
2026-05-29 05:41:56,311 Progress: 1140 / 2199 tickers (51.8%)
2026-05-29 05:42:04,780 Progress: 1150 / 2199 tickers (52.3%)
2026-05-29 05:42:04,780 Checkpointing at 1150 tickers...
2026-05-29 05:43:16,472 Progress: 1160 / 2199 tickers (52.8%)
2026-05-29 05:43:25,309 Progress: 1170 / 2199 tickers (53.2%)
2026-05-29 05:43:32,978 Progress: 1180 / 2199 tickers (53.7%)
2026-05-29 05:43:41,311 Progress: 1190 / 2199 tickers (54.1%)
2026-05-29 05:43:49,944 Progress: 1200 / 2199 tickers (54.6%)
2026-05-29 05:43:49,944 Checkpointing at 1200 tickers...
2026-05-29 05:45:00,906 Progress: 1210 / 2199 tickers (55.0%)
2026-05-29 05:45:09,347 Progress: 1220 / 2199 tickers (55.5%)
2026-05-29 05:45:17,440 Progress: 1230 / 2199 tickers (55.9%)
2026-05-29 05:45:26,028 Progress: 1240 / 2199 tickers (56.4%)
2026-05-29 05:45:34,083 Progress: 1250 / 2199 tickers (56.8%)
2026-05-29 05:45:34,084 Checkpointing at 1250 tickers...
2026-05-29 05:46:45,306 Progress: 1260 / 2199 tickers (57.3%)
2026-05-29 05:46:54,065 Progress: 1270 / 2199 tickers (57.8%)
2026-05-29 05:47:01,802 Progress: 1280 / 2199 tickers (58.2%)
2026-05-29 05:47:10,117 Progress: 1290 / 2199 tickers (58.7%)
2026-05-29 05:47:18,411 Progress: 1300 / 2199 tickers (59.1%)
2026-05-29 05:47:18,411 Checkpointing at 1300 tickers...
2026-05-29 05:48:29,457 Progress: 1310 / 2199 tickers (59.6%)
2026-05-29 05:48:37,069 Progress: 1320 / 2199 tickers (60.0%)
2026-05-29 05:48:44,073 Progress: 1330 / 2199 tickers (60.5%)
2026-05-29 05:48:52,952 Progress: 1340 / 2199 tickers (60.9%)
2026-05-29 05:49:00,762 Progress: 1350 / 2199 tickers (61.4%)
2026-05-29 05:49:00,762 Checkpointing at 1350 tickers...
2026-05-29 05:50:12,730 Progress: 1360 / 2199 tickers (61.8%)
2026-05-29 05:50:20,607 Progress: 1370 / 2199 tickers (62.3%)
2026-05-29 05:50:28,188 Progress: 1380 / 2199 tickers (62.8%)
2026-05-29 05:50:36,863 Progress: 1390 / 2199 tickers (63.2%)
2026-05-29 05:50:44,800 Progress: 1400 / 2199 tickers (63.7%)
2026-05-29 05:50:44,800 Checkpointing at 1400 tickers...
2026-05-29 05:51:55,527 Progress: 1410 / 2199 tickers (64.1%)
2026-05-29 05:52:03,626 Progress: 1420 / 2199 tickers (64.6%)
2026-05-29 05:52:11,804 Progress: 1430 / 2199 tickers (65.0%)
2026-05-29 05:52:18,417 Progress: 1440 / 2199 tickers (65.5%)
2026-05-29 05:52:26,062 Progress: 1450 / 2199 tickers (65.9%)
2026-05-29 05:52:26,062 Checkpointing at 1450 tickers...
2026-05-29 05:53:36,515 Progress: 1460 / 2199 tickers (66.4%)
2026-05-29 05:53:44,392 Progress: 1470 / 2199 tickers (66.8%)
2026-05-29 05:53:53,234 Progress: 1480 / 2199 tickers (67.3%)
2026-05-29 05:54:01,434 Progress: 1490 / 2199 tickers (67.8%)
2026-05-29 05:54:09,569 Progress: 1500 / 2199 tickers (68.2%)
2026-05-29 05:54:09,569 Checkpointing at 1500 tickers...
2026-05-29 05:55:20,641 Progress: 1510 / 2199 tickers (68.7%)
2026-05-29 05:55:29,895 Progress: 1520 / 2199 tickers (69.1%)
2026-05-29 05:55:38,544 Progress: 1530 / 2199 tickers (69.6%)
2026-05-29 05:55:45,724 Progress: 1540 / 2199 tickers (70.0%)
2026-05-29 05:55:53,608 Progress: 1550 / 2199 tickers (70.5%)
2026-05-29 05:55:53,608 Checkpointing at 1550 tickers...
2026-05-29 05:57:04,868 Progress: 1560 / 2199 tickers (70.9%)
2026-05-29 05:57:13,027 Progress: 1570 / 2199 tickers (71.4%)
2026-05-29 05:57:20,223 Progress: 1580 / 2199 tickers (71.9%)
2026-05-29 05:57:28,239 Progress: 1590 / 2199 tickers (72.3%)
2026-05-29 05:57:35,955 Progress: 1600 / 2199 tickers (72.8%)
2026-05-29 05:57:35,955 Checkpointing at 1600 tickers...
2026-05-29 05:58:46,530 Progress: 1610 / 2199 tickers (73.2%)
2026-05-29 05:58:53,107 Progress: 1620 / 2199 tickers (73.7%)
2026-05-29 05:59:00,214 Progress: 1630 / 2199 tickers (74.1%)
2026-05-29 05:59:08,712 Progress: 1640 / 2199 tickers (74.6%)
2026-05-29 05:59:17,304 Progress: 1650 / 2199 tickers (75.0%)
2026-05-29 05:59:17,304 Checkpointing at 1650 tickers...
2026-05-29 06:00:28,197 Progress: 1660 / 2199 tickers (75.5%)
2026-05-29 06:00:35,349 Progress: 1670 / 2199 tickers (75.9%)
2026-05-29 06:00:43,876 Progress: 1680 / 2199 tickers (76.4%)
2026-05-29 06:00:52,302 Progress: 1690 / 2199 tickers (76.9%)
2026-05-29 06:01:00,748 Progress: 1700 / 2199 tickers (77.3%)
2026-05-29 06:01:00,748 Checkpointing at 1700 tickers...
2026-05-29 06:02:22,324 Progress: 1710 / 2199 tickers (77.8%)
2026-05-29 06:02:30,043 Progress: 1720 / 2199 tickers (78.2%)
2026-05-29 06:02:38,223 Progress: 1730 / 2199 tickers (78.7%)
2026-05-29 06:02:46,678 Progress: 1740 / 2199 tickers (79.1%)
2026-05-29 06:02:53,543 Progress: 1750 / 2199 tickers (79.6%)
2026-05-29 06:02:53,543 Checkpointing at 1750 tickers...
2026-05-29 06:04:07,934 Progress: 1760 / 2199 tickers (80.0%)
2026-05-29 06:04:16,350 Progress: 1770 / 2199 tickers (80.5%)
2026-05-29 06:04:23,812 Progress: 1780 / 2199 tickers (80.9%)
2026-05-29 06:04:31,138 Progress: 1790 / 2199 tickers (81.4%)
2026-05-29 06:04:39,094 Progress: 1800 / 2199 tickers (81.9%)
2026-05-29 06:04:39,094 Checkpointing at 1800 tickers...
2026-05-29 06:05:53,068 Progress: 1810 / 2199 tickers (82.3%)
2026-05-29 06:06:01,124 Progress: 1820 / 2199 tickers (82.8%)
2026-05-29 06:06:09,828 Progress: 1830 / 2199 tickers (83.2%)
2026-05-29 06:06:17,076 Progress: 1840 / 2199 tickers (83.7%)
2026-05-29 06:06:25,719 Progress: 1850 / 2199 tickers (84.1%)
2026-05-29 06:06:25,719 Checkpointing at 1850 tickers...
2026-05-29 06:07:38,502 Progress: 1860 / 2199 tickers (84.6%)
2026-05-29 06:07:47,021 Progress: 1870 / 2199 tickers (85.0%)
2026-05-29 06:07:54,611 Progress: 1880 / 2199 tickers (85.5%)
2026-05-29 06:08:02,525 Progress: 1890 / 2199 tickers (85.9%)
2026-05-29 06:08:11,085 Progress: 1900 / 2199 tickers (86.4%)
2026-05-29 06:08:11,086 Checkpointing at 1900 tickers...
2026-05-29 06:09:24,340 Progress: 1910 / 2199 tickers (86.9%)
2026-05-29 06:09:32,288 Progress: 1920 / 2199 tickers (87.3%)
2026-05-29 06:09:41,014 Progress: 1930 / 2199 tickers (87.8%)
2026-05-29 06:09:49,089 Progress: 1940 / 2199 tickers (88.2%)
2026-05-29 06:09:57,656 Progress: 1950 / 2199 tickers (88.7%)
2026-05-29 06:09:57,656 Checkpointing at 1950 tickers...
2026-05-29 06:11:11,263 Progress: 1960 / 2199 tickers (89.1%)
2026-05-29 06:11:19,474 Progress: 1970 / 2199 tickers (89.6%)
2026-05-29 06:11:27,653 Progress: 1980 / 2199 tickers (90.0%)
2026-05-29 06:11:36,115 Progress: 1990 / 2199 tickers (90.5%)
2026-05-29 06:11:44,109 Progress: 2000 / 2199 tickers (91.0%)
2026-05-29 06:11:44,110 Checkpointing at 2000 tickers...
2026-05-29 06:12:57,547 Progress: 2010 / 2199 tickers (91.4%)
2026-05-29 06:13:05,579 Progress: 2020 / 2199 tickers (91.9%)
2026-05-29 06:13:13,669 Progress: 2030 / 2199 tickers (92.3%)
2026-05-29 06:13:22,757 Progress: 2040 / 2199 tickers (92.8%)
2026-05-29 06:13:31,260 Progress: 2050 / 2199 tickers (93.2%)
2026-05-29 06:13:31,260 Checkpointing at 2050 tickers...
2026-05-29 06:14:45,675 Progress: 2060 / 2199 tickers (93.7%)
2026-05-29 06:14:54,302 Progress: 2070 / 2199 tickers (94.1%)
2026-05-29 06:15:02,505 Progress: 2080 / 2199 tickers (94.6%)
2026-05-29 06:15:10,385 Progress: 2090 / 2199 tickers (95.0%)
2026-05-29 06:15:18,175 Progress: 2100 / 2199 tickers (95.5%)
2026-05-29 06:15:18,175 Checkpointing at 2100 tickers...
2026-05-29 06:16:32,125 Progress: 2110 / 2199 tickers (96.0%)
2026-05-29 06:16:40,783 Progress: 2120 / 2199 tickers (96.4%)
2026-05-29 06:16:49,455 Progress: 2130 / 2199 tickers (96.9%)
2026-05-29 06:16:57,498 Progress: 2140 / 2199 tickers (97.3%)
2026-05-29 06:17:06,247 Progress: 2150 / 2199 tickers (97.8%)
2026-05-29 06:17:06,248 Checkpointing at 2150 tickers...
2026-05-29 06:18:21,443 Progress: 2160 / 2199 tickers (98.2%)
2026-05-29 06:18:30,309 Progress: 2170 / 2199 tickers (98.7%)
2026-05-29 06:18:38,350 Progress: 2180 / 2199 tickers (99.1%)
2026-05-29 06:18:46,933 Progress: 2190 / 2199 tickers (99.6%)
2026-05-29 06:18:53,568 Saving final dataset...
2026-05-29 06:19:59,730   insider_net_buys_90d: 10.7% NaN
2026-05-29 06:19:59,733   insider_buy_ratio_90d: 10.7% NaN
2026-05-29 06:19:59,735   insider_total_transactions_90d: 10.7% NaN
2026-05-29 06:19:59,735 Done. 1924805 rows, 39 columns saved to training_data_5y_with_insider.csv
