2026-05-29 09:59:56,834 Loading 10-year dataset...
2026-05-29 10:00:03,127 Loaded fresh: 1234235 rows
2026-05-29 10:00:03,293 Total tickers: 617, already done: 0, remaining: 617
2026-05-29 10:00:33,640 Progress: 5 / 617 tickers (0.8%)
2026-05-29 10:01:24,656 Progress: 10 / 617 tickers (1.6%)
2026-05-29 10:02:01,588 Progress: 15 / 617 tickers (2.4%)
2026-05-29 10:02:39,503 Progress: 20 / 617 tickers (3.2%)
2026-05-29 10:03:25,438 Progress: 25 / 617 tickers (4.1%)
2026-05-29 10:03:25,438 Checkpointing at 25 tickers...
2026-05-29 10:04:51,228 Progress: 30 / 617 tickers (4.9%)
2026-05-29 10:05:39,418 Progress: 35 / 617 tickers (5.7%)
2026-05-29 10:06:28,755 Progress: 40 / 617 tickers (6.5%)
2026-05-29 10:07:28,712 Progress: 45 / 617 tickers (7.3%)
2026-05-29 10:08:01,676 Progress: 50 / 617 tickers (8.1%)
2026-05-29 10:08:01,676 Checkpointing at 50 tickers...
2026-05-29 10:09:36,304 Progress: 55 / 617 tickers (8.9%)
2026-05-29 10:10:11,438 Progress: 60 / 617 tickers (9.7%)
2026-05-29 10:10:51,859 Progress: 65 / 617 tickers (10.5%)
2026-05-29 10:11:25,686 Progress: 70 / 617 tickers (11.3%)
2026-05-29 10:12:11,247 Progress: 75 / 617 tickers (12.2%)
2026-05-29 10:12:11,247 Checkpointing at 75 tickers...
2026-05-29 10:13:43,754 Progress: 80 / 617 tickers (13.0%)
2026-05-29 10:14:14,773 Progress: 85 / 617 tickers (13.8%)
2026-05-29 10:15:04,169 Progress: 90 / 617 tickers (14.6%)
2026-05-29 10:15:41,074 Progress: 95 / 617 tickers (15.4%)
2026-05-29 10:16:23,494 Progress: 100 / 617 tickers (16.2%)
2026-05-29 10:16:23,494 Checkpointing at 100 tickers...
2026-05-29 10:18:02,161 Progress: 105 / 617 tickers (17.0%)
2026-05-29 10:18:51,229 Progress: 110 / 617 tickers (17.8%)
2026-05-29 10:19:35,491 Progress: 115 / 617 tickers (18.6%)
2026-05-29 10:20:09,863 Progress: 120 / 617 tickers (19.4%)
2026-05-29 10:20:50,370 Progress: 125 / 617 tickers (20.3%)
2026-05-29 10:20:50,370 Checkpointing at 125 tickers...
2026-05-29 10:22:22,115 Progress: 130 / 617 tickers (21.1%)
2026-05-29 10:23:08,649 Progress: 135 / 617 tickers (21.9%)
2026-05-29 10:23:53,897 Progress: 140 / 617 tickers (22.7%)
2026-05-29 10:24:29,630 Progress: 145 / 617 tickers (23.5%)
2026-05-29 10:25:00,446 Progress: 150 / 617 tickers (24.3%)
2026-05-29 10:25:00,446 Checkpointing at 150 tickers...
2026-05-29 10:26:39,961 Progress: 155 / 617 tickers (25.1%)
2026-05-29 10:27:05,802 Progress: 160 / 617 tickers (25.9%)
2026-05-29 10:27:42,060 Progress: 165 / 617 tickers (26.7%)
2026-05-29 10:28:10,346 Progress: 170 / 617 tickers (27.6%)
2026-05-29 10:28:37,964 Progress: 175 / 617 tickers (28.4%)
2026-05-29 10:28:37,964 Checkpointing at 175 tickers...
2026-05-29 10:30:21,055 Progress: 180 / 617 tickers (29.2%)
2026-05-29 10:30:57,105 Progress: 185 / 617 tickers (30.0%)
2026-05-29 10:31:34,592 Progress: 190 / 617 tickers (30.8%)
2026-05-29 10:32:07,679 Progress: 195 / 617 tickers (31.6%)
2026-05-29 10:32:41,366 Progress: 200 / 617 tickers (32.4%)
2026-05-29 10:32:41,366 Checkpointing at 200 tickers...
2026-05-29 10:34:04,972 Progress: 205 / 617 tickers (33.2%)
2026-05-29 10:34:40,981 Progress: 210 / 617 tickers (34.0%)
2026-05-29 10:35:13,940 Progress: 215 / 617 tickers (34.8%)
2026-05-29 10:35:56,187 Progress: 220 / 617 tickers (35.7%)
2026-05-29 10:36:40,400 Progress: 225 / 617 tickers (36.5%)
2026-05-29 10:36:40,400 Checkpointing at 225 tickers...
2026-05-29 10:38:13,257 Progress: 230 / 617 tickers (37.3%)
2026-05-29 10:39:01,164 Progress: 235 / 617 tickers (38.1%)
2026-05-29 10:39:33,681 Progress: 240 / 617 tickers (38.9%)
2026-05-29 10:40:10,610 Progress: 245 / 617 tickers (39.7%)
2026-05-29 10:40:45,996 Progress: 250 / 617 tickers (40.5%)
2026-05-29 10:40:45,996 Checkpointing at 250 tickers...
2026-05-29 10:42:15,847 Progress: 255 / 617 tickers (41.3%)
2026-05-29 10:42:55,670 Progress: 260 / 617 tickers (42.1%)
2026-05-29 10:43:41,149 Progress: 265 / 617 tickers (42.9%)
2026-05-29 10:44:21,935 Progress: 270 / 617 tickers (43.8%)
2026-05-29 10:44:49,689 Progress: 275 / 617 tickers (44.6%)
2026-05-29 10:44:49,689 Checkpointing at 275 tickers...
2026-05-29 10:46:22,912 Progress: 280 / 617 tickers (45.4%)
2026-05-29 10:46:55,475 Progress: 285 / 617 tickers (46.2%)
2026-05-29 10:47:23,762 Progress: 290 / 617 tickers (47.0%)
2026-05-29 10:48:01,831 Progress: 295 / 617 tickers (47.8%)
2026-05-29 10:48:35,948 Progress: 300 / 617 tickers (48.6%)
2026-05-29 10:48:35,948 Checkpointing at 300 tickers...
2026-05-29 10:50:11,759 Progress: 305 / 617 tickers (49.4%)
2026-05-29 10:50:51,290 Progress: 310 / 617 tickers (50.2%)
2026-05-29 10:51:45,731 Progress: 315 / 617 tickers (51.1%)
2026-05-29 10:52:06,642 Progress: 320 / 617 tickers (51.9%)
2026-05-29 10:52:48,161 Progress: 325 / 617 tickers (52.7%)
2026-05-29 10:52:48,161 Checkpointing at 325 tickers...
2026-05-29 10:54:13,137 Progress: 330 / 617 tickers (53.5%)
2026-05-29 10:54:57,765 Progress: 335 / 617 tickers (54.3%)
2026-05-29 10:55:36,752 Progress: 340 / 617 tickers (55.1%)
2026-05-29 10:56:16,539 Progress: 345 / 617 tickers (55.9%)
2026-05-29 10:57:19,704 Progress: 350 / 617 tickers (56.7%)
2026-05-29 10:57:19,704 Checkpointing at 350 tickers...
2026-05-29 10:58:33,840 Progress: 355 / 617 tickers (57.5%)
2026-05-29 10:59:05,467 Progress: 360 / 617 tickers (58.3%)
2026-05-29 10:59:36,132 Progress: 365 / 617 tickers (59.2%)
2026-05-29 11:00:07,761 Progress: 370 / 617 tickers (60.0%)
2026-05-29 11:00:48,341 Progress: 375 / 617 tickers (60.8%)
2026-05-29 11:00:48,342 Checkpointing at 375 tickers...
2026-05-29 11:02:14,752 Progress: 380 / 617 tickers (61.6%)
2026-05-29 11:03:00,968 Progress: 385 / 617 tickers (62.4%)
2026-05-29 11:03:47,773 Progress: 390 / 617 tickers (63.2%)
2026-05-29 11:04:23,943 Progress: 395 / 617 tickers (64.0%)
2026-05-29 11:05:02,343 Progress: 400 / 617 tickers (64.8%)
2026-05-29 11:05:02,343 Checkpointing at 400 tickers...
2026-05-29 11:06:43,395 Progress: 405 / 617 tickers (65.6%)
2026-05-29 11:07:36,545 Progress: 410 / 617 tickers (66.5%)
2026-05-29 11:08:18,760 Progress: 415 / 617 tickers (67.3%)
2026-05-29 11:08:58,838 Progress: 420 / 617 tickers (68.1%)
2026-05-29 11:09:33,256 Progress: 425 / 617 tickers (68.9%)
2026-05-29 11:09:33,256 Checkpointing at 425 tickers...
2026-05-29 11:10:53,578 Progress: 430 / 617 tickers (69.7%)
2026-05-29 11:11:21,952 Progress: 435 / 617 tickers (70.5%)
2026-05-29 11:12:09,550 Progress: 440 / 617 tickers (71.3%)
2026-05-29 11:12:49,980 Progress: 445 / 617 tickers (72.1%)
2026-05-29 11:13:21,088 Progress: 450 / 617 tickers (72.9%)
2026-05-29 11:13:21,088 Checkpointing at 450 tickers...
2026-05-29 11:15:06,657 Progress: 455 / 617 tickers (73.7%)
2026-05-29 11:15:41,328 Progress: 460 / 617 tickers (74.6%)
2026-05-29 11:16:28,965 Progress: 465 / 617 tickers (75.4%)
2026-05-29 11:17:12,705 Progress: 470 / 617 tickers (76.2%)
2026-05-29 11:18:05,236 Progress: 475 / 617 tickers (77.0%)
2026-05-29 11:18:05,236 Checkpointing at 475 tickers...
2026-05-29 11:19:47,961 Progress: 480 / 617 tickers (77.8%)
2026-05-29 11:20:13,734 Progress: 485 / 617 tickers (78.6%)
2026-05-29 11:20:45,053 Progress: 490 / 617 tickers (79.4%)
2026-05-29 11:21:23,313 Progress: 495 / 617 tickers (80.2%)
2026-05-29 11:21:58,400 Progress: 500 / 617 tickers (81.0%)
2026-05-29 11:21:58,401 Checkpointing at 500 tickers...
2026-05-29 11:23:29,853 Progress: 505 / 617 tickers (81.8%)
2026-05-29 11:24:09,169 Progress: 510 / 617 tickers (82.7%)
2026-05-29 11:24:28,449 Progress: 515 / 617 tickers (83.5%)
2026-05-29 11:24:51,221 Progress: 520 / 617 tickers (84.3%)
2026-05-29 11:25:34,417 Progress: 525 / 617 tickers (85.1%)
2026-05-29 11:25:34,417 Checkpointing at 525 tickers...
2026-05-29 11:27:15,696 Progress: 530 / 617 tickers (85.9%)
2026-05-29 11:27:53,227 Progress: 535 / 617 tickers (86.7%)
2026-05-29 11:28:33,914 Progress: 540 / 617 tickers (87.5%)
2026-05-29 11:29:15,117 Progress: 545 / 617 tickers (88.3%)
2026-05-29 11:29:46,003 Progress: 550 / 617 tickers (89.1%)
2026-05-29 11:29:46,003 Checkpointing at 550 tickers...
2026-05-29 11:31:26,757 Progress: 555 / 617 tickers (90.0%)
2026-05-29 11:31:58,277 Progress: 560 / 617 tickers (90.8%)
2026-05-29 11:33:03,970 Progress: 565 / 617 tickers (91.6%)
2026-05-29 11:33:47,798 Progress: 570 / 617 tickers (92.4%)
2026-05-29 11:34:33,712 Progress: 575 / 617 tickers (93.2%)
2026-05-29 11:34:33,712 Checkpointing at 575 tickers...
2026-05-29 11:36:05,547 Progress: 580 / 617 tickers (94.0%)
2026-05-29 11:36:45,767 Progress: 585 / 617 tickers (94.8%)
2026-05-29 11:37:38,510 Progress: 590 / 617 tickers (95.6%)
2026-05-29 11:38:21,155 Progress: 595 / 617 tickers (96.4%)
2026-05-29 11:38:56,929 Progress: 600 / 617 tickers (97.2%)
2026-05-29 11:38:56,929 Checkpointing at 600 tickers...
2026-05-29 11:40:30,685 Progress: 605 / 617 tickers (98.1%)
2026-05-29 11:41:08,419 Progress: 610 / 617 tickers (98.9%)
2026-05-29 11:41:58,624 Progress: 615 / 617 tickers (99.7%)
2026-05-29 11:42:18,787 Saving final dataset...
2026-05-29 11:43:13,396 
Feature NaN rates:
2026-05-29 11:43:13,398   filing_sentiment_score: 53.2% NaN
2026-05-29 11:43:13,400   filing_risk_change: 53.2% NaN
2026-05-29 11:43:13,402   filing_readability: 53.2% NaN
2026-05-29 11:43:13,402 Done. 1234235 rows, 60 columns saved to training_data_10y_with_sentiment.csv
