nohup: ignoring input
2026-05-29 05:19:45,789 Loading dataset...
2026-05-29 05:19:52,732 Loaded fresh: 1924805 rows
2026-05-29 05:19:53,058 Total tickers: 2199, already done: 0, remaining: 2199
2026-05-29 05:20:25,423 Progress: 5 / 2199 tickers (0.2%)
2026-05-29 05:21:03,809 Progress: 10 / 2199 tickers (0.5%)
2026-05-29 05:21:43,868 Progress: 15 / 2199 tickers (0.7%)
2026-05-29 05:22:23,211 Progress: 20 / 2199 tickers (0.9%)
2026-05-29 05:22:43,652 Progress: 25 / 2199 tickers (1.1%)
2026-05-29 05:22:43,652 Checkpointing at 25 tickers...
2026-05-29 05:24:42,090 Progress: 30 / 2199 tickers (1.4%)
2026-05-29 05:25:32,421 Progress: 35 / 2199 tickers (1.6%)
2026-05-29 05:26:25,274 Progress: 40 / 2199 tickers (1.8%)
2026-05-29 05:27:16,342 Progress: 45 / 2199 tickers (2.0%)
2026-05-29 05:28:15,451 Progress: 50 / 2199 tickers (2.3%)
2026-05-29 05:28:15,451 Checkpointing at 50 tickers...
2026-05-29 05:30:14,589 Progress: 55 / 2199 tickers (2.5%)
2026-05-29 05:31:08,690 Progress: 60 / 2199 tickers (2.7%)
2026-05-29 05:32:10,471 Progress: 65 / 2199 tickers (3.0%)
2026-05-29 05:32:28,951 Progress: 70 / 2199 tickers (3.2%)
2026-05-29 05:33:36,234 Progress: 75 / 2199 tickers (3.4%)
2026-05-29 05:33:36,234 Checkpointing at 75 tickers...
2026-05-29 05:35:32,835 Progress: 80 / 2199 tickers (3.6%)
2026-05-29 05:36:07,129 Progress: 85 / 2199 tickers (3.9%)
2026-05-29 05:36:52,114 Progress: 90 / 2199 tickers (4.1%)
2026-05-29 05:37:46,974 Progress: 95 / 2199 tickers (4.3%)
2026-05-29 05:38:19,973 Progress: 100 / 2199 tickers (4.5%)
2026-05-29 05:38:19,973 Checkpointing at 100 tickers...
2026-05-29 05:39:53,698 Progress: 105 / 2199 tickers (4.8%)
2026-05-29 05:40:45,019 Progress: 110 / 2199 tickers (5.0%)
2026-05-29 05:41:28,729 Progress: 115 / 2199 tickers (5.2%)
2026-05-29 05:42:04,498 Progress: 120 / 2199 tickers (5.5%)
2026-05-29 05:42:45,667 Progress: 125 / 2199 tickers (5.7%)
2026-05-29 05:42:45,667 Checkpointing at 125 tickers...
2026-05-29 05:44:53,618 Progress: 130 / 2199 tickers (5.9%)
2026-05-29 05:45:29,040 Progress: 135 / 2199 tickers (6.1%)
2026-05-29 05:46:15,988 Progress: 140 / 2199 tickers (6.4%)
2026-05-29 05:47:06,876 Progress: 145 / 2199 tickers (6.6%)
2026-05-29 05:47:53,586 Progress: 150 / 2199 tickers (6.8%)
2026-05-29 05:47:53,587 Checkpointing at 150 tickers...
2026-05-29 05:49:47,178 Progress: 155 / 2199 tickers (7.0%)
2026-05-29 05:50:34,159 Progress: 160 / 2199 tickers (7.3%)
2026-05-29 05:51:39,179 Progress: 165 / 2199 tickers (7.5%)
2026-05-29 05:52:34,205 Progress: 170 / 2199 tickers (7.7%)
2026-05-29 05:53:20,228 Progress: 175 / 2199 tickers (8.0%)
2026-05-29 05:53:20,228 Checkpointing at 175 tickers...
2026-05-29 05:55:09,840 Progress: 180 / 2199 tickers (8.2%)
2026-05-29 05:55:57,538 Progress: 185 / 2199 tickers (8.4%)
2026-05-29 05:56:41,675 Progress: 190 / 2199 tickers (8.6%)
2026-05-29 05:57:17,914 Progress: 195 / 2199 tickers (8.9%)
2026-05-29 05:58:13,939 Progress: 200 / 2199 tickers (9.1%)
2026-05-29 05:58:13,939 Checkpointing at 200 tickers...
2026-05-29 05:59:59,476 Progress: 205 / 2199 tickers (9.3%)
2026-05-29 06:00:25,395 Progress: 210 / 2199 tickers (9.5%)
2026-05-29 06:01:17,536 Progress: 215 / 2199 tickers (9.8%)
2026-05-29 06:02:16,155 Progress: 220 / 2199 tickers (10.0%)
2026-05-29 06:03:04,238 Progress: 225 / 2199 tickers (10.2%)
2026-05-29 06:03:04,238 Checkpointing at 225 tickers...
2026-05-29 06:05:02,545 Progress: 230 / 2199 tickers (10.5%)
2026-05-29 06:05:29,087 Progress: 235 / 2199 tickers (10.7%)
2026-05-29 06:06:22,347 Progress: 240 / 2199 tickers (10.9%)
2026-05-29 06:07:11,612 Progress: 245 / 2199 tickers (11.1%)
2026-05-29 06:07:46,905 Progress: 250 / 2199 tickers (11.4%)
2026-05-29 06:07:46,906 Checkpointing at 250 tickers...
2026-05-29 06:09:15,612 Progress: 255 / 2199 tickers (11.6%)
2026-05-29 06:10:08,393 Progress: 260 / 2199 tickers (11.8%)
2026-05-29 06:11:08,113 Progress: 265 / 2199 tickers (12.1%)
2026-05-29 06:11:56,618 Progress: 270 / 2199 tickers (12.3%)
2026-05-29 06:12:41,408 Progress: 275 / 2199 tickers (12.5%)
2026-05-29 06:12:41,408 Checkpointing at 275 tickers...
2026-05-29 06:14:27,717 Progress: 280 / 2199 tickers (12.7%)
2026-05-29 06:15:06,761 Progress: 285 / 2199 tickers (13.0%)
2026-05-29 06:15:56,484 Progress: 290 / 2199 tickers (13.2%)
2026-05-29 06:16:47,549 Progress: 295 / 2199 tickers (13.4%)
2026-05-29 06:17:14,091 Progress: 300 / 2199 tickers (13.6%)
2026-05-29 06:17:14,091 Checkpointing at 300 tickers...
2026-05-29 06:19:12,158 Progress: 305 / 2199 tickers (13.9%)
2026-05-29 06:19:34,491 Progress: 310 / 2199 tickers (14.1%)
2026-05-29 06:20:25,321 Progress: 315 / 2199 tickers (14.3%)
2026-05-29 06:21:04,094 Progress: 320 / 2199 tickers (14.6%)
2026-05-29 06:22:05,227 Progress: 325 / 2199 tickers (14.8%)
2026-05-29 06:22:05,227 Checkpointing at 325 tickers...
2026-05-29 06:23:55,688 Progress: 330 / 2199 tickers (15.0%)
2026-05-29 06:24:38,191 Progress: 335 / 2199 tickers (15.2%)
2026-05-29 06:25:33,220 Progress: 340 / 2199 tickers (15.5%)
2026-05-29 06:26:29,130 Progress: 345 / 2199 tickers (15.7%)
2026-05-29 06:27:15,700 Progress: 350 / 2199 tickers (15.9%)
2026-05-29 06:27:15,700 Checkpointing at 350 tickers...
2026-05-29 06:29:40,670 Progress: 355 / 2199 tickers (16.1%)
2026-05-29 06:30:41,019 Progress: 360 / 2199 tickers (16.4%)
2026-05-29 06:31:18,034 Progress: 365 / 2199 tickers (16.6%)
2026-05-29 06:31:54,683 Progress: 370 / 2199 tickers (16.8%)
2026-05-29 06:32:47,795 Progress: 375 / 2199 tickers (17.1%)
2026-05-29 06:32:47,795 Checkpointing at 375 tickers...
2026-05-29 06:34:43,906 Progress: 380 / 2199 tickers (17.3%)
2026-05-29 06:35:21,796 Progress: 385 / 2199 tickers (17.5%)
2026-05-29 06:35:54,596 Progress: 390 / 2199 tickers (17.7%)
2026-05-29 06:36:46,528 Progress: 395 / 2199 tickers (18.0%)
2026-05-29 06:37:07,680 Progress: 400 / 2199 tickers (18.2%)
2026-05-29 06:37:07,680 Checkpointing at 400 tickers...
2026-05-29 06:39:05,506 Progress: 405 / 2199 tickers (18.4%)
2026-05-29 06:39:40,685 Progress: 410 / 2199 tickers (18.6%)
2026-05-29 06:40:44,132 Progress: 415 / 2199 tickers (18.9%)
2026-05-29 06:40:54,725 Progress: 420 / 2199 tickers (19.1%)
2026-05-29 06:41:45,843 Progress: 425 / 2199 tickers (19.3%)
2026-05-29 06:41:45,843 Checkpointing at 425 tickers...
2026-05-29 06:43:31,352 Progress: 430 / 2199 tickers (19.6%)
2026-05-29 06:44:19,712 Progress: 435 / 2199 tickers (19.8%)
2026-05-29 06:44:43,299 Progress: 440 / 2199 tickers (20.0%)
2026-05-29 06:45:25,667 Progress: 445 / 2199 tickers (20.2%)
2026-05-29 06:46:14,199 Progress: 450 / 2199 tickers (20.5%)
2026-05-29 06:46:14,199 Checkpointing at 450 tickers...
2026-05-29 06:48:01,561 Progress: 455 / 2199 tickers (20.7%)
2026-05-29 06:48:34,341 Progress: 460 / 2199 tickers (20.9%)
2026-05-29 06:49:10,531 Progress: 465 / 2199 tickers (21.1%)
2026-05-29 06:49:54,459 Progress: 470 / 2199 tickers (21.4%)
2026-05-29 06:50:18,109 Progress: 475 / 2199 tickers (21.6%)
2026-05-29 06:50:18,110 Checkpointing at 475 tickers...
2026-05-29 06:52:20,228 Progress: 480 / 2199 tickers (21.8%)
2026-05-29 06:53:13,814 Progress: 485 / 2199 tickers (22.1%)
2026-05-29 06:54:03,684 Progress: 490 / 2199 tickers (22.3%)
2026-05-29 06:55:11,069 Progress: 495 / 2199 tickers (22.5%)
2026-05-29 06:55:16,911 Progress: 500 / 2199 tickers (22.7%)
2026-05-29 06:55:16,911 Checkpointing at 500 tickers...
2026-05-29 06:57:23,298 Progress: 505 / 2199 tickers (23.0%)
2026-05-29 06:57:59,021 Progress: 510 / 2199 tickers (23.2%)
2026-05-29 06:58:31,757 Progress: 515 / 2199 tickers (23.4%)
2026-05-29 06:59:23,854 Progress: 520 / 2199 tickers (23.6%)
2026-05-29 07:00:21,423 Progress: 525 / 2199 tickers (23.9%)
2026-05-29 07:00:21,423 Checkpointing at 525 tickers...
2026-05-29 07:02:16,957 Progress: 530 / 2199 tickers (24.1%)
2026-05-29 07:03:13,349 Progress: 535 / 2199 tickers (24.3%)
2026-05-29 07:04:45,362 Progress: 540 / 2199 tickers (24.6%)
2026-05-29 07:05:28,822 Progress: 545 / 2199 tickers (24.8%)
2026-05-29 07:05:57,189 Progress: 550 / 2199 tickers (25.0%)
2026-05-29 07:05:57,189 Checkpointing at 550 tickers...
2026-05-29 07:07:44,059 Progress: 555 / 2199 tickers (25.2%)
2026-05-29 07:08:15,351 Progress: 560 / 2199 tickers (25.5%)
2026-05-29 07:09:15,994 Progress: 565 / 2199 tickers (25.7%)
2026-05-29 07:09:49,065 Progress: 570 / 2199 tickers (25.9%)
2026-05-29 07:10:30,507 Progress: 575 / 2199 tickers (26.1%)
2026-05-29 07:10:30,508 Checkpointing at 575 tickers...
2026-05-29 07:12:21,409 Progress: 580 / 2199 tickers (26.4%)
2026-05-29 07:12:42,590 Progress: 585 / 2199 tickers (26.6%)
2026-05-29 07:13:25,875 Progress: 590 / 2199 tickers (26.8%)
2026-05-29 07:14:08,520 Progress: 595 / 2199 tickers (27.1%)
2026-05-29 07:14:56,737 Progress: 600 / 2199 tickers (27.3%)
2026-05-29 07:14:56,737 Checkpointing at 600 tickers...
2026-05-29 07:16:52,098 Progress: 605 / 2199 tickers (27.5%)
2026-05-29 07:17:52,234 Progress: 610 / 2199 tickers (27.7%)
2026-05-29 07:18:33,339 Progress: 615 / 2199 tickers (28.0%)
2026-05-29 07:19:21,023 Progress: 620 / 2199 tickers (28.2%)
2026-05-29 07:20:18,411 Progress: 625 / 2199 tickers (28.4%)
2026-05-29 07:20:18,411 Checkpointing at 625 tickers...
2026-05-29 07:22:24,813 Progress: 630 / 2199 tickers (28.6%)
2026-05-29 07:23:16,947 Progress: 635 / 2199 tickers (28.9%)
2026-05-29 07:24:09,554 Progress: 640 / 2199 tickers (29.1%)
2026-05-29 07:25:04,521 Progress: 645 / 2199 tickers (29.3%)
2026-05-29 07:25:44,168 Progress: 650 / 2199 tickers (29.6%)
2026-05-29 07:25:44,168 Checkpointing at 650 tickers...
2026-05-29 07:27:28,640 Progress: 655 / 2199 tickers (29.8%)
2026-05-29 07:28:09,383 Progress: 660 / 2199 tickers (30.0%)
2026-05-29 07:28:37,098 Progress: 665 / 2199 tickers (30.2%)
2026-05-29 07:29:16,428 Progress: 670 / 2199 tickers (30.5%)
2026-05-29 07:29:58,827 Progress: 675 / 2199 tickers (30.7%)
2026-05-29 07:29:58,827 Checkpointing at 675 tickers...
2026-05-29 07:31:54,532 Progress: 680 / 2199 tickers (30.9%)
2026-05-29 07:32:30,548 Progress: 685 / 2199 tickers (31.2%)
2026-05-29 07:32:51,631 Progress: 690 / 2199 tickers (31.4%)
2026-05-29 07:33:48,953 Progress: 695 / 2199 tickers (31.6%)
2026-05-29 07:34:21,880 Progress: 700 / 2199 tickers (31.8%)
2026-05-29 07:34:21,880 Checkpointing at 700 tickers...
2026-05-29 07:36:10,813 Progress: 705 / 2199 tickers (32.1%)
2026-05-29 07:37:09,653 Progress: 710 / 2199 tickers (32.3%)
2026-05-29 07:37:54,726 Progress: 715 / 2199 tickers (32.5%)
2026-05-29 07:38:44,118 Progress: 720 / 2199 tickers (32.7%)
2026-05-29 07:39:34,222 Progress: 725 / 2199 tickers (33.0%)
2026-05-29 07:39:34,222 Checkpointing at 725 tickers...
2026-05-29 07:41:40,063 Progress: 730 / 2199 tickers (33.2%)
2026-05-29 07:42:30,198 Progress: 735 / 2199 tickers (33.4%)
2026-05-29 07:43:07,947 Progress: 740 / 2199 tickers (33.7%)
2026-05-29 07:43:26,265 Progress: 745 / 2199 tickers (33.9%)
2026-05-29 07:44:10,992 Progress: 750 / 2199 tickers (34.1%)
2026-05-29 07:44:10,992 Checkpointing at 750 tickers...
2026-05-29 07:45:54,024 Progress: 755 / 2199 tickers (34.3%)
2026-05-29 07:46:26,819 Progress: 760 / 2199 tickers (34.6%)
2026-05-29 07:47:18,111 Progress: 765 / 2199 tickers (34.8%)
2026-05-29 07:47:50,937 Progress: 770 / 2199 tickers (35.0%)
2026-05-29 07:48:29,789 Progress: 775 / 2199 tickers (35.2%)
2026-05-29 07:48:29,789 Checkpointing at 775 tickers...
2026-05-29 07:50:24,644 Progress: 780 / 2199 tickers (35.5%)
2026-05-29 07:50:53,068 Progress: 785 / 2199 tickers (35.7%)
2026-05-29 07:51:41,283 Progress: 790 / 2199 tickers (35.9%)
2026-05-29 07:52:28,542 Progress: 795 / 2199 tickers (36.2%)
2026-05-29 07:52:53,053 Progress: 800 / 2199 tickers (36.4%)
2026-05-29 07:52:53,053 Checkpointing at 800 tickers...
2026-05-29 07:54:58,849 Progress: 805 / 2199 tickers (36.6%)
2026-05-29 07:55:43,556 Progress: 810 / 2199 tickers (36.8%)
2026-05-29 07:56:34,765 Progress: 815 / 2199 tickers (37.1%)
2026-05-29 07:57:16,237 Progress: 820 / 2199 tickers (37.3%)
2026-05-29 07:58:11,278 Progress: 825 / 2199 tickers (37.5%)
2026-05-29 07:58:11,278 Checkpointing at 825 tickers...
2026-05-29 08:00:03,646 Progress: 830 / 2199 tickers (37.7%)
2026-05-29 08:00:32,954 Progress: 835 / 2199 tickers (38.0%)
2026-05-29 08:01:14,146 Progress: 840 / 2199 tickers (38.2%)
2026-05-29 08:01:52,696 Progress: 845 / 2199 tickers (38.4%)
2026-05-29 08:02:10,042 Progress: 850 / 2199 tickers (38.7%)
2026-05-29 08:02:10,042 Checkpointing at 850 tickers...
2026-05-29 08:03:46,310 Progress: 855 / 2199 tickers (38.9%)
2026-05-29 08:04:25,268 Progress: 860 / 2199 tickers (39.1%)
2026-05-29 08:04:42,305 Progress: 865 / 2199 tickers (39.3%)
2026-05-29 08:05:33,635 Progress: 870 / 2199 tickers (39.6%)
2026-05-29 08:06:21,372 Progress: 875 / 2199 tickers (39.8%)
2026-05-29 08:06:21,372 Checkpointing at 875 tickers...
2026-05-29 08:07:59,698 Progress: 880 / 2199 tickers (40.0%)
2026-05-29 08:08:50,852 Progress: 885 / 2199 tickers (40.2%)
2026-05-29 08:09:20,186 Progress: 890 / 2199 tickers (40.5%)
2026-05-29 08:10:01,064 Progress: 895 / 2199 tickers (40.7%)
2026-05-29 08:10:27,612 Progress: 900 / 2199 tickers (40.9%)
2026-05-29 08:10:27,612 Checkpointing at 900 tickers...
2026-05-29 08:12:17,922 Progress: 905 / 2199 tickers (41.2%)
2026-05-29 08:13:20,531 Progress: 910 / 2199 tickers (41.4%)
2026-05-29 08:14:03,382 Progress: 915 / 2199 tickers (41.6%)
2026-05-29 08:14:45,792 Progress: 920 / 2199 tickers (41.8%)
2026-05-29 08:15:23,410 Progress: 925 / 2199 tickers (42.1%)
2026-05-29 08:15:23,410 Checkpointing at 925 tickers...
2026-05-29 08:17:24,741 Progress: 930 / 2199 tickers (42.3%)
2026-05-29 08:18:01,475 Progress: 935 / 2199 tickers (42.5%)
2026-05-29 08:18:57,443 Progress: 940 / 2199 tickers (42.7%)
2026-05-29 08:19:58,229 Progress: 945 / 2199 tickers (43.0%)
2026-05-29 08:20:37,563 Progress: 950 / 2199 tickers (43.2%)
2026-05-29 08:20:37,564 Checkpointing at 950 tickers...
2026-05-29 08:22:29,807 Progress: 955 / 2199 tickers (43.4%)
2026-05-29 08:23:10,960 Progress: 960 / 2199 tickers (43.7%)
2026-05-29 08:24:05,672 Progress: 965 / 2199 tickers (43.9%)
2026-05-29 08:24:41,058 Progress: 970 / 2199 tickers (44.1%)
2026-05-29 08:25:35,094 Progress: 975 / 2199 tickers (44.3%)
2026-05-29 08:25:35,094 Checkpointing at 975 tickers...
2026-05-29 08:27:52,277 Progress: 980 / 2199 tickers (44.6%)
2026-05-29 08:28:36,994 Progress: 985 / 2199 tickers (44.8%)
2026-05-29 08:29:30,077 Progress: 990 / 2199 tickers (45.0%)
2026-05-29 08:30:08,349 Progress: 995 / 2199 tickers (45.2%)
2026-05-29 08:30:56,007 Progress: 1000 / 2199 tickers (45.5%)
2026-05-29 08:30:56,007 Checkpointing at 1000 tickers...
2026-05-29 08:32:48,421 Progress: 1005 / 2199 tickers (45.7%)
2026-05-29 08:33:28,745 Progress: 1010 / 2199 tickers (45.9%)
2026-05-29 08:34:05,054 Progress: 1015 / 2199 tickers (46.2%)
2026-05-29 08:34:52,355 Progress: 1020 / 2199 tickers (46.4%)
2026-05-29 08:35:39,841 Progress: 1025 / 2199 tickers (46.6%)
2026-05-29 08:35:39,841 Checkpointing at 1025 tickers...
2026-05-29 08:37:24,370 Progress: 1030 / 2199 tickers (46.8%)
2026-05-29 08:38:08,602 Progress: 1035 / 2199 tickers (47.1%)
2026-05-29 08:38:56,946 Progress: 1040 / 2199 tickers (47.3%)
2026-05-29 08:39:47,113 Progress: 1045 / 2199 tickers (47.5%)
2026-05-29 08:40:27,144 Progress: 1050 / 2199 tickers (47.7%)
2026-05-29 08:40:27,144 Checkpointing at 1050 tickers...
2026-05-29 08:42:14,981 Progress: 1055 / 2199 tickers (48.0%)
2026-05-29 08:43:04,876 Progress: 1060 / 2199 tickers (48.2%)
2026-05-29 08:43:54,558 Progress: 1065 / 2199 tickers (48.4%)
2026-05-29 08:44:27,719 Progress: 1070 / 2199 tickers (48.7%)
2026-05-29 08:45:07,706 Progress: 1075 / 2199 tickers (48.9%)
2026-05-29 08:45:07,706 Checkpointing at 1075 tickers...
2026-05-29 08:46:35,569 Progress: 1080 / 2199 tickers (49.1%)
2026-05-29 08:47:05,220 Progress: 1085 / 2199 tickers (49.3%)
2026-05-29 08:47:52,571 Progress: 1090 / 2199 tickers (49.6%)
2026-05-29 08:48:24,602 Progress: 1095 / 2199 tickers (49.8%)
2026-05-29 08:48:45,545 Progress: 1100 / 2199 tickers (50.0%)
2026-05-29 08:48:45,545 Checkpointing at 1100 tickers...
2026-05-29 08:50:09,609 Progress: 1105 / 2199 tickers (50.3%)
2026-05-29 08:50:38,078 Progress: 1110 / 2199 tickers (50.5%)
2026-05-29 08:51:00,199 Progress: 1115 / 2199 tickers (50.7%)
2026-05-29 08:51:29,371 Progress: 1120 / 2199 tickers (50.9%)
2026-05-29 08:51:41,957 Progress: 1125 / 2199 tickers (51.2%)
2026-05-29 08:51:41,957 Checkpointing at 1125 tickers...
2026-05-29 08:53:25,427 Progress: 1130 / 2199 tickers (51.4%)
2026-05-29 08:54:15,753 Progress: 1135 / 2199 tickers (51.6%)
2026-05-29 08:54:55,094 Progress: 1140 / 2199 tickers (51.8%)
2026-05-29 08:55:27,173 Progress: 1145 / 2199 tickers (52.1%)
2026-05-29 08:56:01,444 Progress: 1150 / 2199 tickers (52.3%)
2026-05-29 08:56:01,444 Checkpointing at 1150 tickers...
2026-05-29 08:57:42,711 Progress: 1155 / 2199 tickers (52.5%)
2026-05-29 08:58:21,562 Progress: 1160 / 2199 tickers (52.8%)
2026-05-29 08:58:53,217 Progress: 1165 / 2199 tickers (53.0%)
2026-05-29 08:59:42,595 Progress: 1170 / 2199 tickers (53.2%)
2026-05-29 09:00:17,987 Progress: 1175 / 2199 tickers (53.4%)
2026-05-29 09:00:17,987 Checkpointing at 1175 tickers...
2026-05-29 09:02:08,826 Progress: 1180 / 2199 tickers (53.7%)
2026-05-29 09:02:55,988 Progress: 1185 / 2199 tickers (53.9%)
2026-05-29 09:03:49,595 Progress: 1190 / 2199 tickers (54.1%)
2026-05-29 09:04:35,333 Progress: 1195 / 2199 tickers (54.3%)
2026-05-29 09:05:13,988 Progress: 1200 / 2199 tickers (54.6%)
2026-05-29 09:05:13,988 Checkpointing at 1200 tickers...
2026-05-29 09:06:52,915 Progress: 1205 / 2199 tickers (54.8%)
2026-05-29 09:07:06,367 Progress: 1210 / 2199 tickers (55.0%)
2026-05-29 09:07:48,880 Progress: 1215 / 2199 tickers (55.3%)
2026-05-29 09:08:02,987 Progress: 1220 / 2199 tickers (55.5%)
2026-05-29 09:08:26,012 Progress: 1225 / 2199 tickers (55.7%)
2026-05-29 09:08:26,012 Checkpointing at 1225 tickers...
2026-05-29 09:09:58,156 Progress: 1230 / 2199 tickers (55.9%)
2026-05-29 09:10:46,760 Progress: 1235 / 2199 tickers (56.2%)
2026-05-29 09:11:41,992 Progress: 1240 / 2199 tickers (56.4%)
2026-05-29 09:12:32,284 Progress: 1245 / 2199 tickers (56.6%)
2026-05-29 09:13:27,991 Progress: 1250 / 2199 tickers (56.8%)
2026-05-29 09:13:27,991 Checkpointing at 1250 tickers...
2026-05-29 09:16:13,966 Progress: 1255 / 2199 tickers (57.1%)
2026-05-29 09:16:34,473 Progress: 1260 / 2199 tickers (57.3%)
2026-05-29 09:17:01,338 Progress: 1265 / 2199 tickers (57.5%)
2026-05-29 09:17:57,824 Progress: 1270 / 2199 tickers (57.8%)
2026-05-29 09:19:02,912 Progress: 1275 / 2199 tickers (58.0%)
2026-05-29 09:19:02,912 Checkpointing at 1275 tickers...
2026-05-29 09:21:35,921 Progress: 1280 / 2199 tickers (58.2%)
2026-05-29 09:22:39,461 Progress: 1285 / 2199 tickers (58.4%)
2026-05-29 09:23:34,466 Progress: 1290 / 2199 tickers (58.7%)
2026-05-29 09:24:12,780 Progress: 1295 / 2199 tickers (58.9%)
2026-05-29 09:25:00,028 Progress: 1300 / 2199 tickers (59.1%)
2026-05-29 09:25:00,028 Checkpointing at 1300 tickers...
2026-05-29 09:28:03,599 Progress: 1305 / 2199 tickers (59.3%)
